#
# There is insufficient memory for the Java Runtime Environment to continue.
# Native memory allocation (mmap) failed to map 92798976 bytes for committing reserved memory.
# Possible reasons:
#   The system is out of physical RAM or swap space
#   In 32 bit mode, the process size limit was hit
# Possible solutions:
#   Reduce memory load on the system
#   Increase physical memory or swap space
#   Check if swap backing store is full
#   Use 64 bit Java on a 64 bit OS
#   Decrease Java heap size (-Xmx/-Xms)
#   Decrease number of Java threads
#   Decrease Java thread stack sizes (-Xss)
#   Set larger code cache with -XX:ReservedCodeCacheSize=
# This output file may be truncated or incomplete.
#
#  Out of Memory Error (os_linux.cpp:2630), pid=31151, tid=140105126352640
#
# JRE version: OpenJDK Runtime Environment (8.0_72-b05) (build 1.8.0_72-internal-b05)
# Java VM: OpenJDK 64-Bit Server VM (25.72-b05 mixed mode linux-amd64 compressed oops)
# Failed to write core dump. Core dumps have been disabled. To enable core dumping, try "ulimit -c unlimited" before starting Java again
#

---------------  T H R E A D  ---------------

Current thread (0x00007f6cc0076000):  VMThread [stack: 0x00007f6cc4399000,0x00007f6cc449a000] [id=31158]

Stack: [0x00007f6cc4399000,0x00007f6cc449a000],  sp=0x00007f6cc4498480,  free space=1021k
Native frames: (J=compiled Java code, j=interpreted, Vv=VM code, C=native code)
V  [libjvm.so+0x9f37ad]
V  [libjvm.so+0x4bb5ea]
V  [libjvm.so+0x859cf0]
V  [libjvm.so+0x8547ef]
V  [libjvm.so+0x8c9c1b]
V  [libjvm.so+0x8ca8d0]
V  [libjvm.so+0x8cabeb]
V  [libjvm.so+0x8c72fc]
V  [libjvm.so+0x8c7ad8]
V  [libjvm.so+0x87cd23]
V  [libjvm.so+0x9f5274]
V  [libjvm.so+0x9f9627]
V  [libjvm.so+0x9f80e8]
V  [libjvm.so+0x9f8569]
V  [libjvm.so+0x9f89b2]
V  [libjvm.so+0x8570f2]

VM_Operation (0x00007f6cc99000e0): ParallelGCFailedAllocation, mode: safepoint, requested by thread 0x00007f6cc000d000


---------------  P R O C E S S  ---------------

Java Threads: ( => current thread )
  0x00007f6cc00b1800 JavaThread "Service Thread" daemon [_thread_blocked, id=31164, stack(0x00007f6cb061b000,0x00007f6cb071c000)]
  0x00007f6cc00af000 JavaThread "C1 CompilerThread1" daemon [_thread_blocked, id=31163, stack(0x00007f6cb071c000,0x00007f6cb081d000)]
  0x00007f6cc00ac000 JavaThread "C2 CompilerThread0" daemon [_thread_blocked, id=31162, stack(0x00007f6cb081d000,0x00007f6cb091e000)]
  0x00007f6cc00aa000 JavaThread "Signal Dispatcher" daemon [_thread_blocked, id=31161, stack(0x00007f6cc4096000,0x00007f6cc4197000)]
  0x00007f6cc0082800 JavaThread "Finalizer" daemon [_thread_blocked, id=31160, stack(0x00007f6cc4197000,0x00007f6cc4298000)]
  0x00007f6cc007e000 JavaThread "Reference Handler" daemon [_thread_blocked, id=31159, stack(0x00007f6cc4298000,0x00007f6cc4399000)]
  0x00007f6cc000d000 JavaThread "main" [_thread_blocked, id=31155, stack(0x00007f6cc9801000,0x00007f6cc9902000)]

Other Threads:
=>0x00007f6cc0076000 VMThread [stack: 0x00007f6cc4399000,0x00007f6cc449a000] [id=31158]
  0x00007f6cc00c8800 WatcherThread [stack: 0x00007f6cb051a000,0x00007f6cb061b000] [id=31165]

VM state:at safepoint (normal execution)

VM Mutex/Monitor currently owned by a thread:  ([mutex/lock_event])
[0x00007f6cc0009340] Threads_lock - owner thread: 0x00007f6cc0076000
[0x00007f6cc0009840] Heap_lock - owner thread: 0x00007f6cc000d000

Heap:
 PSYoungGen      total 127488K, used 20581K [0x00000000eab00000, 0x00000000f4100000, 0x0000000100000000)
  eden space 104960K, 0% used [0x00000000eab00000,0x00000000eab00000,0x00000000f1180000)
  from space 22528K, 91% used [0x00000000f1180000,0x00000000f2599430,0x00000000f2780000)
  to   space 24064K, 0% used [0x00000000f2780000,0x00000000f2780000,0x00000000f3f00000)
 ParOldGen       total 61952K, used 22075K [0x00000000c0000000, 0x00000000c3c80000, 0x00000000eab00000)
  object space 61952K, 35% used [0x00000000c0000000,0x00000000c158ec10,0x00000000c3c80000)
 Metaspace       used 4670K, capacity 5424K, committed 5632K, reserved 1056768K
  class space    used 474K, capacity 488K, committed 512K, reserved 1048576K

Card table byte_map: [0x00007f6cc5dac000,0x00007f6cc5fad000] byte_map_base: 0x00007f6cc57ac000

Marking Bits: (ParMarkBitMap*) 0x00007f6cc8aed080
 Begin Bits: [0x00007f6caa000000, 0x00007f6cab000000)
 End Bits:   [0x00007f6cab000000, 0x00007f6cac000000)

Polling page: 0x00007f6cc9936000

CodeCache: size=245760Kb used=3635Kb max_used=3656Kb free=242124Kb
 bounds [0x00007f6cb1000000, 0x00007f6cb13a0000, 0x00007f6cc0000000]
 total_blobs=1356 nmethods=1084 adapters=188
 compilation: enabled

Compilation events (10 events):
Event: 5.096 Thread 0x00007f6cc00ac000 nmethod 1115 0x00007f6cb135c490 code [0x00007f6cb135c5e0, 0x00007f6cb135c6b8]
Event: 5.096 Thread 0x00007f6cc00ac000 1104       4       com.android.dx.io.instructions.InstructionCodec$4::decode (41 bytes)
Event: 5.100 Thread 0x00007f6cc00ac000 nmethod 1104 0x00007f6cb1386d90 code [0x00007f6cb1386ee0, 0x00007f6cb1387058]
Event: 5.100 Thread 0x00007f6cc00ac000 1110       4       com.android.dx.io.instructions.InstructionCodec$4::encode (25 bytes)
Event: 5.113 Thread 0x00007f6cc00ac000 nmethod 1110 0x00007f6cb1388350 code [0x00007f6cb13884c0, 0x00007f6cb1388738]
Event: 5.113 Thread 0x00007f6cc00ac000 1116       4       com.android.dx.io.instructions.InstructionCodec$10::decode (50 bytes)
Event: 5.121 Thread 0x00007f6cc00ac000 nmethod 1116 0x00007f6cb1387d90 code [0x00007f6cb1387f00, 0x00007f6cb1388138]
Event: 5.121 Thread 0x00007f6cc00ac000 1117       4       com.android.dx.io.instructions.InstructionCodec$10::encode (30 bytes)
Event: 5.127 Thread 0x00007f6cc00ac000 nmethod 1117 0x00007f6cb1387750 code [0x00007f6cb13878c0, 0x00007f6cb1387ad8]
Event: 5.127 Thread 0x00007f6cc00ac000 1118       4       com.android.dx.merge.InstructionTransformer$TypeVisitor::visit (63 bytes)

GC Heap History (10 events):
Event: 1.443 GC heap after
Heap after GC invocations=3 (full 0):
 PSYoungGen      total 33280K, used 2545K [0x00000000eab00000, 0x00000000eec00000, 0x0000000100000000)
  eden space 30720K, 0% used [0x00000000eab00000,0x00000000eab00000,0x00000000ec900000)
  from space 2560K, 99% used [0x00000000ec900000,0x00000000ecb7c580,0x00000000ecb80000)
  to   space 2560K, 0% used [0x00000000ee980000,0x00000000ee980000,0x00000000eec00000)
 ParOldGen       total 40960K, used 28501K [0x00000000c0000000, 0x00000000c2800000, 0x00000000eab00000)
  object space 40960K, 69% used [0x00000000c0000000,0x00000000c1bd5580,0x00000000c2800000)
 Metaspace       used 3745K, capacity 4944K, committed 5120K, reserved 1056768K
  class space    used 388K, capacity 456K, committed 512K, reserved 1048576K
}
Event: 1.443 GC heap before
{Heap before GC invocations=4 (full 1):
 PSYoungGen      total 33280K, used 2545K [0x00000000eab00000, 0x00000000eec00000, 0x0000000100000000)
  eden space 30720K, 0% used [0x00000000eab00000,0x00000000eab00000,0x00000000ec900000)
  from space 2560K, 99% used [0x00000000ec900000,0x00000000ecb7c580,0x00000000ecb80000)
  to   space 2560K, 0% used [0x00000000ee980000,0x00000000ee980000,0x00000000eec00000)
 ParOldGen       total 40960K, used 28501K [0x00000000c0000000, 0x00000000c2800000, 0x00000000eab00000)
  object space 40960K, 69% used [0x00000000c0000000,0x00000000c1bd5580,0x00000000c2800000)
 Metaspace       used 3745K, capacity 4944K, committed 5120K, reserved 1056768K
  class space    used 388K, capacity 456K, committed 512K, reserved 1048576K
Event: 1.457 GC heap after
Heap after GC invocations=4 (full 1):
 PSYoungGen      total 33280K, used 0K [0x00000000eab00000, 0x00000000eec00000, 0x0000000100000000)
  eden space 30720K, 0% used [0x00000000eab00000,0x00000000eab00000,0x00000000ec900000)
  from space 2560K, 0% used [0x00000000ec900000,0x00000000ec900000,0x00000000ecb80000)
  to   space 2560K, 0% used [0x00000000ee980000,0x00000000ee980000,0x00000000eec00000)
 ParOldGen       total 61952K, used 20547K [0x00000000c0000000, 0x00000000c3c80000, 0x00000000eab00000)
  object space 61952K, 33% used [0x00000000c0000000,0x00000000c1410c88,0x00000000c3c80000)
 Metaspace       used 3745K, capacity 4944K, committed 5120K, reserved 1056768K
  class space    used 388K, capacity 456K, committed 512K, reserved 1048576K
}
Event: 1.883 GC heap before
{Heap before GC invocations=5 (full 1):
 PSYoungGen      total 33280K, used 30720K [0x00000000eab00000, 0x00000000eec00000, 0x0000000100000000)
  eden space 30720K, 100% used [0x00000000eab00000,0x00000000ec900000,0x00000000ec900000)
  from space 2560K, 0% used [0x00000000ec900000,0x00000000ec900000,0x00000000ecb80000)
  to   space 2560K, 0% used [0x00000000ee980000,0x00000000ee980000,0x00000000eec00000)
 ParOldGen       total 61952K, used 20547K [0x00000000c0000000, 0x00000000c3c80000, 0x00000000eab00000)
  object space 61952K, 33% used [0x00000000c0000000,0x00000000c1410c88,0x00000000c3c80000)
 Metaspace       used 3846K, capacity 5008K, committed 5120K, reserved 1056768K
  class space    used 394K, capacity 456K, committed 512K, reserved 1048576K
Event: 1.891 GC heap after
Heap after GC invocations=5 (full 1):
 PSYoungGen      total 57344K, used 896K [0x00000000eab00000, 0x00000000eea80000, 0x0000000100000000)
  eden space 56320K, 0% used [0x00000000eab00000,0x00000000eab00000,0x00000000ee200000)
  from space 1024K, 87% used [0x00000000ee980000,0x00000000eea60000,0x00000000eea80000)
  to   space 2560K, 0% used [0x00000000ee580000,0x00000000ee580000,0x00000000ee800000)
 ParOldGen       total 61952K, used 20555K [0x00000000c0000000, 0x00000000c3c80000, 0x00000000eab00000)
  object space 61952K, 33% used [0x00000000c0000000,0x00000000c1412c88,0x00000000c3c80000)
 Metaspace       used 3846K, capacity 5008K, committed 5120K, reserved 1056768K
  class space    used 394K, capacity 456K, committed 512K, reserved 1048576K
}
Event: 3.170 GC heap before
{Heap before GC invocations=6 (full 1):
 PSYoungGen      total 57344K, used 57216K [0x00000000eab00000, 0x00000000eea80000, 0x0000000100000000)
  eden space 56320K, 100% used [0x00000000eab00000,0x00000000ee200000,0x00000000ee200000)
  from space 1024K, 87% used [0x00000000ee980000,0x00000000eea60000,0x00000000eea80000)
  to   space 2560K, 0% used [0x00000000ee580000,0x00000000ee580000,0x00000000ee800000)
 ParOldGen       total 61952K, used 20555K [0x00000000c0000000, 0x00000000c3c80000, 0x00000000eab00000)
  object space 61952K, 33% used [0x00000000c0000000,0x00000000c1412c88,0x00000000c3c80000)
 Metaspace       used 4337K, capacity 5424K, committed 5632K, reserved 1056768K
  class space    used 440K, capacity 488K, committed 512K, reserved 1048576K
Event: 3.244 GC heap after
Heap after GC invocations=6 (full 1):
 PSYoungGen      total 62464K, used 2558K [0x00000000eab00000, 0x00000000f3f00000, 0x0000000100000000)
  eden space 59904K, 0% used [0x00000000eab00000,0x00000000eab00000,0x00000000ee580000)
  from space 2560K, 99% used [0x00000000ee580000,0x00000000ee7ff970,0x00000000ee800000)
  to   space 24064K, 0% used [0x00000000f2780000,0x00000000f2780000,0x00000000f3f00000)
 ParOldGen       total 61952K, used 22067K [0x00000000c0000000, 0x00000000c3c80000, 0x00000000eab00000)
  object space 61952K, 35% used [0x00000000c0000000,0x00000000c158cc10,0x00000000c3c80000)
 Metaspace       used 4337K, capacity 5424K, committed 5632K, reserved 1056768K
  class space    used 440K, capacity 488K, committed 512K, reserved 1048576K
}
Event: 4.211 GC heap before
{Heap before GC invocations=7 (full 1):
 PSYoungGen      total 62464K, used 62462K [0x00000000eab00000, 0x00000000f3f00000, 0x0000000100000000)
  eden space 59904K, 100% used [0x00000000eab00000,0x00000000ee580000,0x00000000ee580000)
  from space 2560K, 99% used [0x00000000ee580000,0x00000000ee7ff970,0x00000000ee800000)
  to   space 24064K, 0% used [0x00000000f2780000,0x00000000f2780000,0x00000000f3f00000)
 ParOldGen       total 61952K, used 22067K [0x00000000c0000000, 0x00000000c3c80000, 0x00000000eab00000)
  object space 61952K, 35% used [0x00000000c0000000,0x00000000c158cc10,0x00000000c3c80000)
 Metaspace       used 4656K, capacity 5424K, committed 5632K, reserved 1056768K
  class space    used 473K, capacity 488K, committed 512K, reserved 1048576K
Event: 4.228 GC heap after
Heap after GC invocations=7 (full 1):
 PSYoungGen      total 129024K, used 10214K [0x00000000eab00000, 0x00000000f4100000, 0x0000000100000000)
  eden space 104960K, 0% used [0x00000000eab00000,0x00000000eab00000,0x00000000f1180000)
  from space 24064K, 42% used [0x00000000f2780000,0x00000000f3179ba8,0x00000000f3f00000)
  to   space 22528K, 0% used [0x00000000f1180000,0x00000000f1180000,0x00000000f2780000)
 ParOldGen       total 61952K, used 22075K [0x00000000c0000000, 0x00000000c3c80000, 0x00000000eab00000)
  object space 61952K, 35% used [0x00000000c0000000,0x00000000c158ec10,0x00000000c3c80000)
 Metaspace       used 4656K, capacity 5424K, committed 5632K, reserved 1056768K
  class space    used 473K, capacity 488K, committed 512K, reserved 1048576K
}
Event: 5.145 GC heap before
{Heap before GC invocations=8 (full 1):
 PSYoungGen      total 129024K, used 115174K [0x00000000eab00000, 0x00000000f4100000, 0x0000000100000000)
  eden space 104960K, 100% used [0x00000000eab00000,0x00000000f1180000,0x00000000f1180000)
  from space 24064K, 42% used [0x00000000f2780000,0x00000000f3179ba8,0x00000000f3f00000)
  to   space 22528K, 0% used [0x00000000f1180000,0x00000000f1180000,0x00000000f2780000)
 ParOldGen       total 61952K, used 22075K [0x00000000c0000000, 0x00000000c3c80000, 0x00000000eab00000)
  object space 61952K, 35% used [0x00000000c0000000,0x00000000c158ec10,0x00000000c3c80000)
 Metaspace       used 4670K, capacity 5424K, committed 5632K, reserved 1056768K
  class space    used 474K, capacity 488K, committed 512K, reserved 1048576K

Deoptimization events (10 events):
Event: 3.755 Thread 0x00007f6cc000d000 Uncommon trap: reason=class_check action=maybe_recompile pc=0x00007f6cb1292a04 method=java.util.HashMap.putVal(ILjava/lang/Object;Ljava/lang/Object;ZZ)Ljava/lang/Object; @ 56
Event: 3.756 Thread 0x00007f6cc000d000 Uncommon trap: reason=class_check action=maybe_recompile pc=0x00007f6cb1292a70 method=java.util.HashMap.putVal(ILjava/lang/Object;Ljava/lang/Object;ZZ)Ljava/lang/Object; @ 152
Event: 3.756 Thread 0x00007f6cc000d000 Uncommon trap: reason=class_check action=maybe_recompile pc=0x00007f6cb1292a70 method=java.util.HashMap.putVal(ILjava/lang/Object;Ljava/lang/Object;ZZ)Ljava/lang/Object; @ 152
Event: 4.187 Thread 0x00007f6cc000d000 Uncommon trap: reason=unstable_if action=reinterpret pc=0x00007f6cb11f9fd8 method=com.android.dex.Mutf8.countBytes(Ljava/lang/String;Z)J @ 50
Event: 4.333 Thread 0x00007f6cc000d000 Uncommon trap: reason=class_check action=maybe_recompile pc=0x00007f6cb1258484 method=com.android.dx.merge.DexMerger$IdMerger.readIntoMap(Lcom/android/dex/Dex$Section;Lcom/android/dex/TableOfContents$Section;Lcom/android/dx/merge/IndexMap;ILjava/util/Tree
Event: 4.335 Thread 0x00007f6cc000d000 Uncommon trap: reason=class_check action=maybe_recompile pc=0x00007f6cb1258484 method=com.android.dx.merge.DexMerger$IdMerger.readIntoMap(Lcom/android/dex/Dex$Section;Lcom/android/dex/TableOfContents$Section;Lcom/android/dx/merge/IndexMap;ILjava/util/Tree
Event: 4.336 Thread 0x00007f6cc000d000 Uncommon trap: reason=class_check action=maybe_recompile pc=0x00007f6cb1258484 method=com.android.dx.merge.DexMerger$IdMerger.readIntoMap(Lcom/android/dex/Dex$Section;Lcom/android/dex/TableOfContents$Section;Lcom/android/dx/merge/IndexMap;ILjava/util/Tree
Event: 4.338 Thread 0x00007f6cc000d000 Uncommon trap: reason=class_check action=maybe_recompile pc=0x00007f6cb1258484 method=com.android.dx.merge.DexMerger$IdMerger.readIntoMap(Lcom/android/dex/Dex$Section;Lcom/android/dex/TableOfContents$Section;Lcom/android/dx/merge/IndexMap;ILjava/util/Tree
Event: 4.361 Thread 0x00007f6cc000d000 Uncommon trap: reason=unstable_if action=reinterpret pc=0x00007f6cb11de54c method=java.util.AbstractMap.isEmpty()Z @ 4
Event: 4.420 Thread 0x00007f6cc000d000 Uncommon trap: reason=predicate action=maybe_recompile pc=0x00007f6cb1254b7c method=com.android.dex.Leb128.readUnsignedLeb128(Lcom/android/dex/util/ByteInput;)I @ 41

Internal exceptions (5 events):
Event: 0.104 Thread 0x00007f6cc000d000 Exception <a 'java/lang/NoSuchMethodError': Method sun.misc.Unsafe.defineClass(Ljava/lang/String;[BII)Ljava/lang/Class; name or signature does not match> (0x00000000eab07c68) thrown at [/build/openjdk-8-aCqPQU/openjdk-8-8u72-b05/src/hotspot/src/share/vm/p
Event: 0.105 Thread 0x00007f6cc000d000 Exception <a 'java/lang/NoSuchMethodError': Method sun.misc.Unsafe.prefetchRead(Ljava/lang/Object;J)V name or signature does not match> (0x00000000eab07f50) thrown at [/build/openjdk-8-aCqPQU/openjdk-8-8u72-b05/src/hotspot/src/share/vm/prims/jni.cpp, line
Event: 0.198 Thread 0x00007f6cc000d000 Exception <a 'java/util/zip/ZipException'> (0x00000000eab5ad50) thrown at [/build/openjdk-8-aCqPQU/openjdk-8-8u72-b05/src/hotspot/src/share/vm/prims/jni.cpp, line 709]
Event: 0.198 Thread 0x00007f6cc000d000 Exception <a 'java/security/PrivilegedActionException'> (0x00000000eab5aff0) thrown at [/build/openjdk-8-aCqPQU/openjdk-8-8u72-b05/src/hotspot/src/share/vm/prims/jvm.cpp, line 1386]
Event: 0.198 Thread 0x00007f6cc000d000 Exception <a 'java/security/PrivilegedActionException'> (0x00000000eab5b200) thrown at [/build/openjdk-8-aCqPQU/openjdk-8-8u72-b05/src/hotspot/src/share/vm/prims/jvm.cpp, line 1386]

Events (10 events):
Event: 5.118 Thread 0x00007f6cc000d000 DEOPT UNPACKING pc=0x00007f6cb1046f73 sp=0x00007f6cc9900038 mode 0
Event: 5.122 Thread 0x00007f6cc000d000 DEOPT PACKING pc=0x00007f6cb12dd881 sp=0x00007f6cc9900320
Event: 5.122 Thread 0x00007f6cc000d000 DEOPT UNPACKING pc=0x00007f6cb1046f73 sp=0x00007f6cc9900038 mode 0
Event: 5.129 Thread 0x00007f6cc000d000 DEOPT PACKING pc=0x00007f6cb12dd881 sp=0x00007f6cc9900320
Event: 5.129 Thread 0x00007f6cc000d000 DEOPT UNPACKING pc=0x00007f6cb1046f73 sp=0x00007f6cc9900038 mode 0
Event: 5.133 Thread 0x00007f6cc000d000 DEOPT PACKING pc=0x00007f6cb12dd881 sp=0x00007f6cc9900320
Event: 5.133 Thread 0x00007f6cc000d000 DEOPT UNPACKING pc=0x00007f6cb1046f73 sp=0x00007f6cc9900038 mode 0
Event: 5.138 Thread 0x00007f6cc000d000 DEOPT PACKING pc=0x00007f6cb12dd881 sp=0x00007f6cc9900320
Event: 5.138 Thread 0x00007f6cc000d000 DEOPT UNPACKING pc=0x00007f6cb1046f73 sp=0x00007f6cc9900038 mode 0
Event: 5.145 Executing VM operation: ParallelGCFailedAllocation


Dynamic libraries:
00400000-00401000 r-xp 00000000 08:02 14944202                           /usr/lib/jvm/java-8-openjdk-amd64/jre/bin/java
00600000-00601000 r--p 00000000 08:02 14944202                           /usr/lib/jvm/java-8-openjdk-amd64/jre/bin/java
00601000-00602000 rw-p 00001000 08:02 14944202                           /usr/lib/jvm/java-8-openjdk-amd64/jre/bin/java
02114000-02135000 rw-p 00000000 00:00 0                                  [heap]
c0000000-c3c80000 rw-p 00000000 00:00 0 
c3c80000-eab00000 ---p 00000000 00:00 0 
eab00000-f4100000 rw-p 00000000 00:00 0 
f9980000-100000000 ---p 00000000 00:00 0 
100000000-100080000 rw-p 00000000 00:00 0 
100080000-140000000 ---p 00000000 00:00 0 
7f6c84000000-7f6c84021000 rw-p 00000000 00:00 0 
7f6c84021000-7f6c88000000 ---p 00000000 00:00 0 
7f6c88000000-7f6c88021000 rw-p 00000000 00:00 0 
7f6c88021000-7f6c8c000000 ---p 00000000 00:00 0 
7f6c8c000000-7f6c8ca89000 rw-p 00000000 00:00 0 
7f6c8ca89000-7f6c90000000 ---p 00000000 00:00 0 
7f6c90000000-7f6c903a2000 rw-p 00000000 00:00 0 
7f6c903a2000-7f6c94000000 ---p 00000000 00:00 0 
7f6c94000000-7f6c94021000 rw-p 00000000 00:00 0 
7f6c94021000-7f6c98000000 ---p 00000000 00:00 0 
7f6c98000000-7f6c98021000 rw-p 00000000 00:00 0 
7f6c98021000-7f6c9c000000 ---p 00000000 00:00 0 
7f6c9c000000-7f6c9c021000 rw-p 00000000 00:00 0 
7f6c9c021000-7f6ca0000000 ---p 00000000 00:00 0 
7f6ca0000000-7f6ca0021000 rw-p 00000000 00:00 0 
7f6ca0021000-7f6ca4000000 ---p 00000000 00:00 0 
7f6ca4000000-7f6ca4021000 rw-p 00000000 00:00 0 
7f6ca4021000-7f6ca8000000 ---p 00000000 00:00 0 
7f6caa000000-7f6cac000000 rw-p 00000000 00:00 0 
7f6cac000000-7f6cac021000 rw-p 00000000 00:00 0 
7f6cac021000-7f6cb0000000 ---p 00000000 00:00 0 
7f6cb051a000-7f6cb051b000 ---p 00000000 00:00 0 
7f6cb051b000-7f6cb061b000 rw-p 00000000 00:00 0                          [stack:31165]
7f6cb061b000-7f6cb061e000 ---p 00000000 00:00 0 
7f6cb061e000-7f6cb071c000 rw-p 00000000 00:00 0                          [stack:31164]
7f6cb071c000-7f6cb071f000 ---p 00000000 00:00 0 
7f6cb071f000-7f6cb081d000 rw-p 00000000 00:00 0                          [stack:31163]
7f6cb081d000-7f6cb0820000 ---p 00000000 00:00 0 
7f6cb0820000-7f6cb091e000 rw-p 00000000 00:00 0                          [stack:31162]
7f6cb091e000-7f6cb1000000 r--p 00000000 08:02 30022233                   /usr/lib/locale/locale-archive
7f6cb1000000-7f6cb13a0000 rwxp 00000000 00:00 0 
7f6cb13a0000-7f6cc0000000 ---p 00000000 00:00 0 
7f6cc0000000-7f6cc024e000 rw-p 00000000 00:00 0 
7f6cc024e000-7f6cc4000000 ---p 00000000 00:00 0 
7f6cc403e000-7f6cc4043000 r--s 00096000 08:02 14944281                   /usr/lib/jvm/java-8-openjdk-amd64/jre/lib/jsse.jar
7f6cc4043000-7f6cc4052000 r--s 000df000 00:1b 1844983                    /home/caninelizard/Documents/android-sdk-linux/build-tools/23.0.2/lib/dx.jar
7f6cc4052000-7f6cc4055000 r--s 0000f000 08:02 14944220                   /usr/lib/jvm/java-8-openjdk-amd64/jre/lib/ext/icedtea-sound.jar
7f6cc4055000-7f6cc4070000 r--s 001d7000 08:02 14944226                   /usr/lib/jvm/java-8-openjdk-amd64/jre/lib/ext/nashorn.jar
7f6cc4070000-7f6cc407a000 r--s 00116000 08:02 14944219                   /usr/lib/jvm/java-8-openjdk-amd64/jre/lib/ext/localedata.jar
7f6cc407a000-7f6cc4096000 r--s 00393000 08:02 14944217                   /usr/lib/jvm/java-8-openjdk-amd64/jre/lib/ext/cldrdata.jar
7f6cc4096000-7f6cc4099000 ---p 00000000 00:00 0 
7f6cc4099000-7f6cc4197000 rw-p 00000000 00:00 0                          [stack:31161]
7f6cc4197000-7f6cc419a000 ---p 00000000 00:00 0 
7f6cc419a000-7f6cc4298000 rw-p 00000000 00:00 0                          [stack:31160]
7f6cc4298000-7f6cc429b000 ---p 00000000 00:00 0 
7f6cc429b000-7f6cc4399000 rw-p 00000000 00:00 0                          [stack:31159]
7f6cc4399000-7f6cc439a000 ---p 00000000 00:00 0 
7f6cc439a000-7f6cc4e11000 rw-p 00000000 00:00 0                          [stack:31158]
7f6cc4e11000-7f6cc4fde000 r--s 03be3000 08:02 14944229                   /usr/lib/jvm/java-8-openjdk-amd64/jre/lib/rt.jar
7f6cc4fde000-7f6cc5554000 rw-p 00000000 00:00 0 
7f6cc5554000-7f6cc5854000 ---p 00000000 00:00 0 
7f6cc5854000-7f6cc5a54000 rw-p 00000000 00:00 0 
7f6cc5a54000-7f6cc5a55000 ---p 00000000 00:00 0 
7f6cc5a55000-7f6cc5b55000 rw-p 00000000 00:00 0                          [stack:31157]
7f6cc5b55000-7f6cc5b56000 ---p 00000000 00:00 0 
7f6cc5b56000-7f6cc5c75000 rw-p 00000000 00:00 0                          [stack:31156]
7f6cc5c75000-7f6cc5dac000 ---p 00000000 00:00 0 
7f6cc5dac000-7f6cc5dcb000 rw-p 00000000 00:00 0 
7f6cc5dcb000-7f6cc5f01000 ---p 00000000 00:00 0 
7f6cc5f01000-7f6cc5f4d000 rw-p 00000000 00:00 0 
7f6cc5f4d000-7f6cc5fac000 ---p 00000000 00:00 0 
7f6cc5fac000-7f6cc5fbc000 rw-p 00000000 00:00 0 
7f6cc5fbc000-7f6cc636d000 ---p 00000000 00:00 0 
7f6cc636d000-7f6cc6375000 r-xp 00000000 08:02 14944240                   /usr/lib/jvm/java-8-openjdk-amd64/jre/lib/amd64/libzip.so
7f6cc6375000-7f6cc6574000 ---p 00008000 08:02 14944240                   /usr/lib/jvm/java-8-openjdk-amd64/jre/lib/amd64/libzip.so
7f6cc6574000-7f6cc6575000 r--p 00007000 08:02 14944240                   /usr/lib/jvm/java-8-openjdk-amd64/jre/lib/amd64/libzip.so
7f6cc6575000-7f6cc6576000 rw-p 00008000 08:02 14944240                   /usr/lib/jvm/java-8-openjdk-amd64/jre/lib/amd64/libzip.so
7f6cc6576000-7f6cc6581000 r-xp 00000000 08:02 19792527                   /lib/x86_64-linux-gnu/libnss_files-2.19.so
7f6cc6581000-7f6cc6780000 ---p 0000b000 08:02 19792527                   /lib/x86_64-linux-gnu/libnss_files-2.19.so
7f6cc6780000-7f6cc6781000 r--p 0000a000 08:02 19792527                   /lib/x86_64-linux-gnu/libnss_files-2.19.so
7f6cc6781000-7f6cc6782000 rw-p 0000b000 08:02 19792527                   /lib/x86_64-linux-gnu/libnss_files-2.19.so
7f6cc6782000-7f6cc678d000 r-xp 00000000 08:02 19792519                   /lib/x86_64-linux-gnu/libnss_nis-2.19.so
7f6cc678d000-7f6cc698c000 ---p 0000b000 08:02 19792519                   /lib/x86_64-linux-gnu/libnss_nis-2.19.so
7f6cc698c000-7f6cc698d000 r--p 0000a000 08:02 19792519                   /lib/x86_64-linux-gnu/libnss_nis-2.19.so
7f6cc698d000-7f6cc698e000 rw-p 0000b000 08:02 19792519                   /lib/x86_64-linux-gnu/libnss_nis-2.19.so
7f6cc698e000-7f6cc69a5000 r-xp 00000000 08:02 19792513                   /lib/x86_64-linux-gnu/libnsl-2.19.so
7f6cc69a5000-7f6cc6ba4000 ---p 00017000 08:02 19792513                   /lib/x86_64-linux-gnu/libnsl-2.19.so
7f6cc6ba4000-7f6cc6ba5000 r--p 00016000 08:02 19792513                   /lib/x86_64-linux-gnu/libnsl-2.19.so
7f6cc6ba5000-7f6cc6ba6000 rw-p 00017000 08:02 19792513                   /lib/x86_64-linux-gnu/libnsl-2.19.so
7f6cc6ba6000-7f6cc6ba8000 rw-p 00000000 00:00 0 
7f6cc6ba8000-7f6cc6bb1000 r-xp 00000000 08:02 19792512                   /lib/x86_64-linux-gnu/libnss_compat-2.19.so
7f6cc6bb1000-7f6cc6db0000 ---p 00009000 08:02 19792512                   /lib/x86_64-linux-gnu/libnss_compat-2.19.so
7f6cc6db0000-7f6cc6db1000 r--p 00008000 08:02 19792512                   /lib/x86_64-linux-gnu/libnss_compat-2.19.so
7f6cc6db1000-7f6cc6db2000 rw-p 00009000 08:02 19792512                   /lib/x86_64-linux-gnu/libnss_compat-2.19.so
7f6cc6db2000-7f6cc6dde000 r-xp 00000000 08:02 14944248                   /usr/lib/jvm/java-8-openjdk-amd64/jre/lib/amd64/libjava.so
7f6cc6dde000-7f6cc6fde000 ---p 0002c000 08:02 14944248                   /usr/lib/jvm/java-8-openjdk-amd64/jre/lib/amd64/libjava.so
7f6cc6fde000-7f6cc6fdf000 r--p 0002c000 08:02 14944248                   /usr/lib/jvm/java-8-openjdk-amd64/jre/lib/amd64/libjava.so
7f6cc6fdf000-7f6cc6fe1000 rw-p 0002d000 08:02 14944248                   /usr/lib/jvm/java-8-openjdk-amd64/jre/lib/amd64/libjava.so
7f6cc6fe1000-7f6cc6ff1000 r-xp 00000000 08:02 14944262                   /usr/lib/jvm/java-8-openjdk-amd64/jre/lib/amd64/libverify.so
7f6cc6ff1000-7f6cc71f0000 ---p 00010000 08:02 14944262                   /usr/lib/jvm/java-8-openjdk-amd64/jre/lib/amd64/libverify.so
7f6cc71f0000-7f6cc71f2000 r--p 0000f000 08:02 14944262                   /usr/lib/jvm/java-8-openjdk-amd64/jre/lib/amd64/libverify.so
7f6cc71f2000-7f6cc71f3000 rw-p 00011000 08:02 14944262                   /usr/lib/jvm/java-8-openjdk-amd64/jre/lib/amd64/libverify.so
7f6cc71f3000-7f6cc71fa000 r-xp 00000000 08:02 19792523                   /lib/x86_64-linux-gnu/librt-2.19.so
7f6cc71fa000-7f6cc73f9000 ---p 00007000 08:02 19792523                   /lib/x86_64-linux-gnu/librt-2.19.so
7f6cc73f9000-7f6cc73fa000 r--p 00006000 08:02 19792523                   /lib/x86_64-linux-gnu/librt-2.19.so
7f6cc73fa000-7f6cc73fb000 rw-p 00007000 08:02 19792523                   /lib/x86_64-linux-gnu/librt-2.19.so
7f6cc73fb000-7f6cc7411000 r-xp 00000000 08:02 19792490                   /lib/x86_64-linux-gnu/libgcc_s.so.1
7f6cc7411000-7f6cc7610000 ---p 00016000 08:02 19792490                   /lib/x86_64-linux-gnu/libgcc_s.so.1
7f6cc7610000-7f6cc7611000 r--p 00015000 08:02 19792490                   /lib/x86_64-linux-gnu/libgcc_s.so.1
7f6cc7611000-7f6cc7612000 rw-p 00016000 08:02 19792490                   /lib/x86_64-linux-gnu/libgcc_s.so.1
7f6cc7612000-7f6cc7717000 r-xp 00000000 08:02 19792504                   /lib/x86_64-linux-gnu/libm-2.19.so
7f6cc7717000-7f6cc7916000 ---p 00105000 08:02 19792504                   /lib/x86_64-linux-gnu/libm-2.19.so
7f6cc7916000-7f6cc7917000 r--p 00104000 08:02 19792504                   /lib/x86_64-linux-gnu/libm-2.19.so
7f6cc7917000-7f6cc7918000 rw-p 00105000 08:02 19792504                   /lib/x86_64-linux-gnu/libm-2.19.so
7f6cc7918000-7f6cc7a19000 r-xp 00000000 08:02 30017203                   /usr/lib/x86_64-linux-gnu/libstdc++.so.6.0.21
7f6cc7a19000-7f6cc7c19000 ---p 00101000 08:02 30017203                   /usr/lib/x86_64-linux-gnu/libstdc++.so.6.0.21
7f6cc7c19000-7f6cc7c20000 r--p 00101000 08:02 30017203                   /usr/lib/x86_64-linux-gnu/libstdc++.so.6.0.21
7f6cc7c20000-7f6cc7c22000 rw-p 00108000 08:02 30017203                   /usr/lib/x86_64-linux-gnu/libstdc++.so.6.0.21
7f6cc7c22000-7f6cc7c25000 rw-p 00000000 00:00 0 
7f6cc7c25000-7f6cc8811000 r-xp 00000000 08:02 14944256                   /usr/lib/jvm/java-8-openjdk-amd64/jre/lib/amd64/server/libjvm.so
7f6cc8811000-7f6cc8a11000 ---p 00bec000 08:02 14944256                   /usr/lib/jvm/java-8-openjdk-amd64/jre/lib/amd64/server/libjvm.so
7f6cc8a11000-7f6cc8aaf000 r--p 00bec000 08:02 14944256                   /usr/lib/jvm/java-8-openjdk-amd64/jre/lib/amd64/server/libjvm.so
7f6cc8aaf000-7f6cc8ad8000 rw-p 00c8a000 08:02 14944256                   /usr/lib/jvm/java-8-openjdk-amd64/jre/lib/amd64/server/libjvm.so
7f6cc8ad8000-7f6cc8b08000 rw-p 00000000 00:00 0 
7f6cc8b08000-7f6cc8b21000 r-xp 00000000 08:02 19792514                   /lib/x86_64-linux-gnu/libpthread-2.19.so
7f6cc8b21000-7f6cc8d20000 ---p 00019000 08:02 19792514                   /lib/x86_64-linux-gnu/libpthread-2.19.so
7f6cc8d20000-7f6cc8d21000 r--p 00018000 08:02 19792514                   /lib/x86_64-linux-gnu/libpthread-2.19.so
7f6cc8d21000-7f6cc8d22000 rw-p 00019000 08:02 19792514                   /lib/x86_64-linux-gnu/libpthread-2.19.so
7f6cc8d22000-7f6cc8d26000 rw-p 00000000 00:00 0 
7f6cc8d26000-7f6cc8d29000 r-xp 00000000 08:02 19792508                   /lib/x86_64-linux-gnu/libdl-2.19.so
7f6cc8d29000-7f6cc8f28000 ---p 00003000 08:02 19792508                   /lib/x86_64-linux-gnu/libdl-2.19.so
7f6cc8f28000-7f6cc8f29000 r--p 00002000 08:02 19792508                   /lib/x86_64-linux-gnu/libdl-2.19.so
7f6cc8f29000-7f6cc8f2a000 rw-p 00003000 08:02 19792508                   /lib/x86_64-linux-gnu/libdl-2.19.so
7f6cc8f2a000-7f6cc8f42000 r-xp 00000000 08:02 19796056                   /lib/x86_64-linux-gnu/libz.so.1.2.8
7f6cc8f42000-7f6cc9141000 ---p 00018000 08:02 19796056                   /lib/x86_64-linux-gnu/libz.so.1.2.8
7f6cc9141000-7f6cc9142000 r--p 00017000 08:02 19796056                   /lib/x86_64-linux-gnu/libz.so.1.2.8
7f6cc9142000-7f6cc9143000 rw-p 00018000 08:02 19796056                   /lib/x86_64-linux-gnu/libz.so.1.2.8
7f6cc9143000-7f6cc92fe000 r-xp 00000000 08:02 19792524                   /lib/x86_64-linux-gnu/libc-2.19.so
7f6cc92fe000-7f6cc94fd000 ---p 001bb000 08:02 19792524                   /lib/x86_64-linux-gnu/libc-2.19.so
7f6cc94fd000-7f6cc9501000 r--p 001ba000 08:02 19792524                   /lib/x86_64-linux-gnu/libc-2.19.so
7f6cc9501000-7f6cc9503000 rw-p 001be000 08:02 19792524                   /lib/x86_64-linux-gnu/libc-2.19.so
7f6cc9503000-7f6cc9508000 rw-p 00000000 00:00 0 
7f6cc9508000-7f6cc9515000 r-xp 00000000 08:02 14944264                   /usr/lib/jvm/java-8-openjdk-amd64/jre/lib/amd64/jli/libjli.so
7f6cc9515000-7f6cc9715000 ---p 0000d000 08:02 14944264                   /usr/lib/jvm/java-8-openjdk-amd64/jre/lib/amd64/jli/libjli.so
7f6cc9715000-7f6cc9716000 r--p 0000d000 08:02 14944264                   /usr/lib/jvm/java-8-openjdk-amd64/jre/lib/amd64/jli/libjli.so
7f6cc9716000-7f6cc9717000 rw-p 0000e000 08:02 14944264                   /usr/lib/jvm/java-8-openjdk-amd64/jre/lib/amd64/jli/libjli.so
7f6cc9717000-7f6cc973a000 r-xp 00000000 08:02 19792517                   /lib/x86_64-linux-gnu/ld-2.19.so
7f6cc973c000-7f6cc9801000 rw-p 00000000 00:00 0 
7f6cc9801000-7f6cc9804000 ---p 00000000 00:00 0 
7f6cc9804000-7f6cc9908000 rw-p 00000000 00:00 0                          [stack:31155]
7f6cc9908000-7f6cc990a000 r--s 00006000 08:02 268465                     /usr/share/java/java-atk-wrapper.jar
7f6cc990a000-7f6cc990e000 r--s 00037000 08:02 14944223                   /usr/lib/jvm/java-8-openjdk-amd64/jre/lib/ext/sunpkcs11.jar
7f6cc990e000-7f6cc9910000 r--s 00001000 08:02 14944224                   /usr/lib/jvm/java-8-openjdk-amd64/jre/lib/ext/dnsns.jar
7f6cc9910000-7f6cc9916000 r--s 0003a000 08:02 14944222                   /usr/lib/jvm/java-8-openjdk-amd64/jre/lib/ext/sunjce_provider.jar
7f6cc9916000-7f6cc9917000 r--s 00008000 08:02 14944225                   /usr/lib/jvm/java-8-openjdk-amd64/jre/lib/ext/sunec.jar
7f6cc9917000-7f6cc9918000 r--s 0000a000 08:02 14944221                   /usr/lib/jvm/java-8-openjdk-amd64/jre/lib/ext/jaccess.jar
7f6cc9918000-7f6cc9919000 r--s 00010000 08:02 14944218                   /usr/lib/jvm/java-8-openjdk-amd64/jre/lib/ext/zipfs.jar
7f6cc9919000-7f6cc992d000 rw-p 00000000 00:00 0 
7f6cc992d000-7f6cc9935000 rw-s 00000000 08:02 26607703                   /tmp/hsperfdata_caninelizard/31151
7f6cc9935000-7f6cc9936000 rw-p 00000000 00:00 0 
7f6cc9936000-7f6cc9937000 ---p 00000000 00:00 0 
7f6cc9937000-7f6cc9939000 rw-p 00000000 00:00 0 
7f6cc9939000-7f6cc993a000 r--p 00022000 08:02 19792517                   /lib/x86_64-linux-gnu/ld-2.19.so
7f6cc993a000-7f6cc993b000 rw-p 00023000 08:02 19792517                   /lib/x86_64-linux-gnu/ld-2.19.so
7f6cc993b000-7f6cc993c000 rw-p 00000000 00:00 0 
7ffe0169c000-7ffe016be000 rw-p 00000000 00:00 0                          [stack]
7ffe017f3000-7ffe017f5000 r-xp 00000000 00:00 0                          [vdso]
7ffe017f5000-7ffe017f7000 r--p 00000000 00:00 0                          [vvar]
ffffffffff600000-ffffffffff601000 r-xp 00000000 00:00 0                  [vsyscall]

VM Arguments:
jvm_args: -Djava.awt.headless=true -Xmx1024M -Dfile.encoding=UTF-8 -Duser.country=US -Duser.language=en -Duser.variant 
java_command: com.android.dx.command.Main --dex --num-threads=4 --output /opt/lampp/htdocs/trucode/TruCode2/mobile/build/intermediates/transforms/dex/debug/folders/1000/1f/main /opt/lampp/htdocs/trucode/TruCode2/mobile/build/intermediates/pre-dexed/debug/support-annotations-23.2.0_75d925499dd882117e012f60cf7a04ff39f79cca.jar /opt/lampp/htdocs/trucode/TruCode2/mobile/build/intermediates/pre-dexed/debug/com.google.android.gms-play-services-panorama-8.4.0_6a18b6e21ed05b4043afc0a10e094456fc52d9a2.jar /opt/lampp/htdocs/trucode/TruCode2/mobile/build/intermediates/pre-dexed/debug/com.android.support-animated-vector-drawable-23.2.0_3cdb18a6bd0df1bc0b044272a1b0ea6527f09c22.jar /opt/lampp/htdocs/trucode/TruCode2/mobile/build/intermediates/pre-dexed/debug/internal_impl-23.0.0_7c4cbbd0f6d5792ae7a489a5cfe438ba23ca480e.jar /opt/lampp/htdocs/trucode/TruCode2/mobile/build/intermediates/pre-dexed/debug/com.google.android.gms-play-services-safetynet-8.4.0_f3574afb47295fdb498e6a40146148ad7991a921.jar /opt/lampp/htdocs/trucode/TruCode2/mobile/build/intermediates/pre-dexed/debug/com.google.android.gms-play-services-identity-8.4.0_4f45bb0ec753c000f7b53acdab32287862013034.jar /opt/lampp/htdocs/trucode/TruCode2/mobile/build/intermediates/pre-dexed/debug/com.google.android.gms-play-services-appinvite-8.4.0_2f1d242a1a2e06f58ad94a4f2e2f67b28be8045d.jar /opt/lampp/htdocs/trucode/TruCode2/mobile/build/intermediates/pre-dexed/debug/com.android.support-support-vector-drawable-23.2.0_a2a248833afe861b76cc397bc2579a33bdf8a3ce.jar /opt/lampp/htdocs/trucode/TruCode2/mobile/build/intermediates/pre-dexed/debug/com.google.android.gms-play-services-appindexing-8.4.0_16d37d84b07b46de0cdcc60f72b73544ed43e6c6.jar /opt/lampp/htdocs/trucode/TruCode2/mobile/build/intermediates/pre-dexed/debug/com.google.android.gms-play-services-gcm-8.4.0_ebed3c0e2e11a3ddcde0d245e955ddd703a6bb50.jar /opt/lampp/htdocs/trucode/TruCode2/mobile/build/intermediates/pre-dexed/debug/com.google.android.gms-play-services-vision-8.4.0_
java_class_path (initial): /home/caninelizard/Documents/android-sdk-linux/build-tools/23.0.2/lib/dx.jar
Launcher Type: SUN_STANDARD

Environment Variables:
PATH=/usr/local/sbin:/usr/local/bin:/usr/sbin:/usr/bin:/sbin:/bin:/usr/games:/usr/local/games
LD_LIBRARY_PATH=/home/caninelizard/Downloads/android-studio/bin:
SHELL=/bin/bash
DISPLAY=:0.0

Signal Handlers:
SIGSEGV: [libjvm.so+0x9f42a0], sa_mask[0]=11111111011111111101111111111110, sa_flags=SA_RESTART|SA_SIGINFO
SIGBUS: [libjvm.so+0x9f42a0], sa_mask[0]=11111111011111111101111111111110, sa_flags=SA_RESTART|SA_SIGINFO
SIGFPE: [libjvm.so+0x8558d0], sa_mask[0]=11111111011111111101111111111110, sa_flags=SA_RESTART|SA_SIGINFO
SIGPIPE: [libjvm.so+0x8558d0], sa_mask[0]=11111111011111111101111111111110, sa_flags=SA_RESTART|SA_SIGINFO
SIGXFSZ: [libjvm.so+0x8558d0], sa_mask[0]=11111111011111111101111111111110, sa_flags=SA_RESTART|SA_SIGINFO
SIGILL: [libjvm.so+0x8558d0], sa_mask[0]=11111111011111111101111111111110, sa_flags=SA_RESTART|SA_SIGINFO
SIGUSR1: SIG_DFL, sa_mask[0]=00000000000000000000000000000000, sa_flags=none
SIGUSR2: [libjvm.so+0x8557a0], sa_mask[0]=00100000000000000000000000000000, sa_flags=SA_RESTART|SA_SIGINFO
SIGHUP: [libjvm.so+0x855990], sa_mask[0]=11111111011111111101111111111110, sa_flags=SA_RESTART|SA_SIGINFO
SIGINT: [libjvm.so+0x855990], sa_mask[0]=11111111011111111101111111111110, sa_flags=SA_RESTART|SA_SIGINFO
SIGTERM: [libjvm.so+0x855990], sa_mask[0]=11111111011111111101111111111110, sa_flags=SA_RESTART|SA_SIGINFO
SIGQUIT: [libjvm.so+0x855990], sa_mask[0]=11111111011111111101111111111110, sa_flags=SA_RESTART|SA_SIGINFO


---------------  S Y S T E M  ---------------

OS:DISTRIB_ID=Ubuntu
DISTRIB_RELEASE=14.04
DISTRIB_CODENAME=trusty
DISTRIB_DESCRIPTION="Ubuntu 14.04.2 LTS"

uname:Linux 3.16.0-41-generic #57~14.04.1-Ubuntu SMP Thu Jun 18 18:01:13 UTC 2015 x86_64
libc:glibc 2.19 NPTL 2.19 
rlimit: STACK 8192k, CORE 0k, NPROC 14278, NOFILE 4096, AS infinity
load average:2.76 1.62 1.46

/proc/meminfo:
MemTotal:        3916236 kB
MemFree:          116564 kB
MemAvailable:      78360 kB
Buffers:            3624 kB
Cached:           219168 kB
SwapCached:            0 kB
Active:          3384772 kB
Inactive:         196032 kB
Active(anon):    3365136 kB
Inactive(anon):   168636 kB
Active(file):      19636 kB
Inactive(file):    27396 kB
Unevictable:         520 kB
Mlocked:             520 kB
SwapTotal:             0 kB
SwapFree:              0 kB
Dirty:               296 kB
Writeback:             0 kB
AnonPages:       3358592 kB
Mapped:            63876 kB
Shmem:            175720 kB
Slab:              92208 kB
SReclaimable:      45488 kB
SUnreclaim:        46720 kB
KernelStack:       12112 kB
PageTables:        60040 kB
NFS_Unstable:          0 kB
Bounce:                0 kB
WritebackTmp:          0 kB
CommitLimit:     1958116 kB
Committed_AS:    8869292 kB
VmallocTotal:   34359738367 kB
VmallocUsed:      547176 kB
VmallocChunk:   34359142528 kB
HardwareCorrupted:     0 kB
AnonHugePages:   1406976 kB
HugePages_Total:       0
HugePages_Free:        0
HugePages_Rsvd:        0
HugePages_Surp:        0
Hugepagesize:       2048 kB
DirectMap4k:       91528 kB
DirectMap2M:     3971072 kB


CPU:total 2 (2 cores per cpu, 1 threads per core) family 6 model 55 stepping 3, cmov, cx8, fxsr, mmx, sse, sse2, sse3, ssse3, sse4.1, sse4.2, popcnt, clmul, erms, 3dnowpref, tsc, tscinvbit

/proc/cpuinfo:
processor	: 0
vendor_id	: GenuineIntel
cpu family	: 6
model		: 55
model name	: Intel(R) Celeron(R) CPU  N2815  @ 1.86GHz
stepping	: 3
microcode	: 0x31e
cpu MHz		: 664.833
cache size	: 1024 KB
physical id	: 0
siblings	: 2
core id		: 0
cpu cores	: 2
apicid		: 0
initial apicid	: 0
fpu		: yes
fpu_exception	: yes
cpuid level	: 11
wp		: yes
flags		: fpu vme de pse tsc msr pae mce cx8 apic sep mtrr pge mca cmov pat pse36 clflush dts acpi mmx fxsr sse sse2 ss ht tm pbe syscall nx rdtscp lm constant_tsc arch_perfmon pebs bts rep_good nopl xtopology nonstop_tsc aperfmperf pni pclmulqdq dtes64 monitor ds_cpl vmx est tm2 ssse3 cx16 xtpr pdcm sse4_1 sse4_2 movbe popcnt tsc_deadline_timer rdrand lahf_lm 3dnowprefetch ida arat epb dtherm tpr_shadow vnmi flexpriority ept vpid tsc_adjust smep erms
bogomips	: 3729.60
clflush size	: 64
cache_alignment	: 64
address sizes	: 36 bits physical, 48 bits virtual
power management:

processor	: 1
vendor_id	: GenuineIntel
cpu family	: 6
model		: 55
model name	: Intel(R) Celeron(R) CPU  N2815  @ 1.86GHz
stepping	: 3
microcode	: 0x31e
cpu MHz		: 533.179
cache size	: 1024 KB
physical id	: 0
siblings	: 2
core id		: 1
cpu cores	: 2
apicid		: 2
initial apicid	: 2
fpu		: yes
fpu_exception	: yes
cpuid level	: 11
wp		: yes
flags		: fpu vme de pse tsc msr pae mce cx8 apic sep mtrr pge mca cmov pat pse36 clflush dts acpi mmx fxsr sse sse2 ss ht tm pbe syscall nx rdtscp lm constant_tsc arch_perfmon pebs bts rep_good nopl xtopology nonstop_tsc aperfmperf pni pclmulqdq dtes64 monitor ds_cpl vmx est tm2 ssse3 cx16 xtpr pdcm sse4_1 sse4_2 movbe popcnt tsc_deadline_timer rdrand lahf_lm 3dnowprefetch ida arat epb dtherm tpr_shadow vnmi flexpriority ept vpid tsc_adjust smep erms
bogomips	: 3729.60
clflush size	: 64
cache_alignment	: 64
address sizes	: 36 bits physical, 48 bits virtual
power management:



Memory: 4k page, physical 3916236k(116564k free), swap 0k(0k free)

vm_info: OpenJDK 64-Bit Server VM (25.72-b05) for linux-amd64 JRE (1.8.0_72-internal-b05), built on Dec 16 2015 06:15:44 by "buildd" with gcc 4.8.2

time: Fri Apr 22 13:37:33 2016
elapsed time: 10 seconds (0d 0h 0m 10s)

