#
# There is insufficient memory for the Java Runtime Environment to continue.
# Native memory allocation (mmap) failed to map 175636480 bytes for committing reserved memory.
# Possible reasons:
#   The system is out of physical RAM or swap space
#   In 32 bit mode, the process size limit was hit
# Possible solutions:
#   Reduce memory load on the system
#   Increase physical memory or swap space
#   Check if swap backing store is full
#   Use 64 bit Java on a 64 bit OS
#   Decrease Java heap size (-Xmx/-Xms)
#   Decrease number of Java threads
#   Decrease Java thread stack sizes (-Xss)
#   Set larger code cache with -XX:ReservedCodeCacheSize=
# This output file may be truncated or incomplete.
#
#  Out of Memory Error (os_linux.cpp:2630), pid=10677, tid=140420295333632
#
# JRE version: OpenJDK Runtime Environment (8.0_72-b05) (build 1.8.0_72-internal-b05)
# Java VM: OpenJDK 64-Bit Server VM (25.72-b05 mixed mode linux-amd64 compressed oops)
# Failed to write core dump. Core dumps have been disabled. To enable core dumping, try "ulimit -c unlimited" before starting Java again
#

---------------  T H R E A D  ---------------

Current thread (0x00007fb638073800):  VMThread [stack: 0x00007fb625c29000,0x00007fb625d2a000] [id=10686]

Stack: [0x00007fb625c29000,0x00007fb625d2a000],  sp=0x00007fb625d28490,  free space=1021k
Native frames: (J=compiled Java code, j=interpreted, Vv=VM code, C=native code)
V  [libjvm.so+0x9f37ad]
V  [libjvm.so+0x4bb5ea]
V  [libjvm.so+0x859cf0]
V  [libjvm.so+0x8547ef]
V  [libjvm.so+0x8c9c1b]
V  [libjvm.so+0x8baa8b]
V  [libjvm.so+0x8bac4b]
V  [libjvm.so+0x8bb528]
V  [libjvm.so+0x8c0b3c]
V  [libjvm.so+0x8c7c1d]
V  [libjvm.so+0x87cd23]
V  [libjvm.so+0x9f5274]
V  [libjvm.so+0x9f9627]
V  [libjvm.so+0x9f80e8]
V  [libjvm.so+0x9f8569]
V  [libjvm.so+0x9f89b2]
V  [libjvm.so+0x8570f2]

VM_Operation (0x00007fb624d6fec0): ParallelGCFailedAllocation, mode: safepoint, requested by thread 0x00007fb6381c9000


---------------  P R O C E S S  ---------------

Java Threads: ( => current thread )
  0x00007fb6381d0000 JavaThread "pool-2-thread-4" [_thread_blocked, id=10703, stack(0x00007fb62486d000,0x00007fb62496e000)]
  0x00007fb6381a6000 JavaThread "pool-2-thread-3" [_thread_blocked, id=10702, stack(0x00007fb62496e000,0x00007fb624a6f000)]
  0x00007fb6381cc000 JavaThread "pool-2-thread-2" [_thread_blocked, id=10701, stack(0x00007fb624a6f000,0x00007fb624b70000)]
  0x00007fb6381ca800 JavaThread "pool-3-thread-1" [_thread_blocked, id=10700, stack(0x00007fb624b70000,0x00007fb624c71000)]
  0x00007fb6381c9000 JavaThread "pool-2-thread-1" [_thread_blocked, id=10699, stack(0x00007fb624c71000,0x00007fb624d72000)]
  0x00007fb6380af000 JavaThread "Service Thread" daemon [_thread_blocked, id=10692, stack(0x00007fb624f41000,0x00007fb625042000)]
  0x00007fb6380ac800 JavaThread "C1 CompilerThread1" daemon [_thread_blocked, id=10691, stack(0x00007fb625042000,0x00007fb625143000)]
  0x00007fb6380a9800 JavaThread "C2 CompilerThread0" daemon [_thread_blocked, id=10690, stack(0x00007fb625143000,0x00007fb625244000)]
  0x00007fb6380a7800 JavaThread "Signal Dispatcher" daemon [_thread_blocked, id=10689, stack(0x00007fb625244000,0x00007fb625345000)]
  0x00007fb63807f800 JavaThread "Finalizer" daemon [_thread_blocked, id=10688, stack(0x00007fb625a27000,0x00007fb625b28000)]
  0x00007fb63807b000 JavaThread "Reference Handler" daemon [_thread_blocked, id=10687, stack(0x00007fb625b28000,0x00007fb625c29000)]
  0x00007fb63800a800 JavaThread "main" [_thread_blocked, id=10683, stack(0x00007fb63ff5d000,0x00007fb64005e000)]

Other Threads:
=>0x00007fb638073800 VMThread [stack: 0x00007fb625c29000,0x00007fb625d2a000] [id=10686]
  0x00007fb6380c6000 WatcherThread [stack: 0x00007fb624e40000,0x00007fb624f41000] [id=10693]

VM state:at safepoint (normal execution)

VM Mutex/Monitor currently owned by a thread:  ([mutex/lock_event])
[0x00007fb6380061e0] ExpandHeap_lock - owner thread: 0x00007fb638073800
[0x00007fb638006860] Threads_lock - owner thread: 0x00007fb638073800
[0x00007fb638006d60] Heap_lock - owner thread: 0x00007fb6381c9000

Heap:
 PSYoungGen      total 232960K, used 41247K [0x00000000eab00000, 0x0000000100000000, 0x0000000100000000)
  eden space 116736K, 0% used [0x00000000eab00000,0x00000000eab00000,0x00000000f1d00000)
  from space 116224K, 35% used [0x00000000f8e80000,0x00000000fb6c7c28,0x0000000100000000)
  to   space 116224K, 0% used [0x00000000f1d00000,0x00000000f1d00000,0x00000000f8e80000)
 ParOldGen       total 491008K, used 490764K [0x00000000c0000000, 0x00000000ddf80000, 0x00000000eab00000)
  object space 491008K, 99% used [0x00000000c0000000,0x00000000ddf433c0,0x00000000ddf80000)
 Metaspace       used 6557K, capacity 7280K, committed 7552K, reserved 1056768K
  class space    used 596K, capacity 616K, committed 640K, reserved 1048576K

Card table byte_map: [0x00007fb63c508000,0x00007fb63c709000] byte_map_base: 0x00007fb63bf08000

Marking Bits: (ParMarkBitMap*) 0x00007fb63f249080
 Begin Bits: [0x00007fb627000000, 0x00007fb628000000)
 End Bits:   [0x00007fb628000000, 0x00007fb629000000)

Polling page: 0x00007fb640092000

CodeCache: size=245760Kb used=10939Kb max_used=11814Kb free=234820Kb
 bounds [0x00007fb629000000, 0x00007fb629ba0000, 0x00007fb638000000]
 total_blobs=2521 nmethods=2254 adapters=182
 compilation: enabled

Compilation events (10 events):
Event: 81.857 Thread 0x00007fb6380a9800 nmethod 2373 0x00007fb6291326d0 code [0x00007fb6291328c0, 0x00007fb6291332b8]
Event: 81.857 Thread 0x00007fb6380a9800 2480       4       com.android.dx.rop.code.RegisterSpecSet::equals (106 bytes)
Event: 81.893 Thread 0x00007fb6380a9800 nmethod 2480 0x00007fb62925ed90 code [0x00007fb62925ef00, 0x00007fb62925f3b8]
Event: 81.893 Thread 0x00007fb6380a9800 2796       4       com.android.dx.ssa.SsaConverter::edgeSplitMoveExceptionsAndResults (157 bytes)
Event: 83.289 Thread 0x00007fb6380a9800 nmethod 2796 0x00007fb6292613d0 code [0x00007fb629261820, 0x00007fb629265548]
Event: 83.290 Thread 0x00007fb6380a9800 2624       4       java.util.ArrayList::indexOf (67 bytes)
Event: 83.294 Thread 0x00007fb6380a9800 nmethod 2624 0x00007fb62914ea50 code [0x00007fb62914eba0, 0x00007fb62914ecb8]
Event: 83.294 Thread 0x00007fb6380a9800 2695       4       com.android.dx.ssa.SsaMethod::forEachBlockDepthFirstDom (128 bytes)
Event: 83.985 Thread 0x00007fb6380a9800 nmethod 2695 0x00007fb6293b4290 code [0x00007fb6293b4660, 0x00007fb6293b65d0]
Event: 83.985 Thread 0x00007fb6380a9800 2548       4       com.android.dx.ssa.SCCP::addUsersToWorklist (103 bytes)

GC Heap History (10 events):
Event: 61.962 GC heap after
Heap after GC invocations=31 (full 5):
 PSYoungGen      total 232960K, used 73379K [0x00000000eab00000, 0x0000000100000000, 0x0000000100000000)
  eden space 125440K, 0% used [0x00000000eab00000,0x00000000eab00000,0x00000000f2580000)
  from space 107520K, 68% used [0x00000000f9200000,0x00000000fd9a8ef8,0x00000000ffb00000)
  to   space 111104K, 0% used [0x00000000f2580000,0x00000000f2580000,0x00000000f9200000)
 ParOldGen       total 491008K, used 360426K [0x00000000c0000000, 0x00000000ddf80000, 0x00000000eab00000)
  object space 491008K, 73% used [0x00000000c0000000,0x00000000d5ffabc8,0x00000000ddf80000)
 Metaspace       used 6553K, capacity 7280K, committed 7552K, reserved 1056768K
  class space    used 595K, capacity 616K, committed 640K, reserved 1048576K
}
Event: 63.318 GC heap before
{Heap before GC invocations=32 (full 5):
 PSYoungGen      total 232960K, used 198819K [0x00000000eab00000, 0x0000000100000000, 0x0000000100000000)
  eden space 125440K, 100% used [0x00000000eab00000,0x00000000f2580000,0x00000000f2580000)
  from space 107520K, 68% used [0x00000000f9200000,0x00000000fd9a8ef8,0x00000000ffb00000)
  to   space 111104K, 0% used [0x00000000f2580000,0x00000000f2580000,0x00000000f9200000)
 ParOldGen       total 491008K, used 360426K [0x00000000c0000000, 0x00000000ddf80000, 0x00000000eab00000)
  object space 491008K, 73% used [0x00000000c0000000,0x00000000d5ffabc8,0x00000000ddf80000)
 Metaspace       used 6557K, capacity 7280K, committed 7552K, reserved 1056768K
  class space    used 596K, capacity 616K, committed 640K, reserved 1048576K
Event: 63.539 GC heap after
Heap after GC invocations=32 (full 5):
 PSYoungGen      total 210944K, used 85435K [0x00000000eab00000, 0x0000000100000000, 0x0000000100000000)
  eden space 125440K, 0% used [0x00000000eab00000,0x00000000eab00000,0x00000000f2580000)
  from space 85504K, 99% used [0x00000000f2580000,0x00000000f78eeea0,0x00000000f7900000)
  to   space 116224K, 0% used [0x00000000f8e80000,0x00000000f8e80000,0x0000000100000000)
 ParOldGen       total 491008K, used 360426K [0x00000000c0000000, 0x00000000ddf80000, 0x00000000eab00000)
  object space 491008K, 73% used [0x00000000c0000000,0x00000000d5ffabc8,0x00000000ddf80000)
 Metaspace       used 6557K, capacity 7280K, committed 7552K, reserved 1056768K
  class space    used 596K, capacity 616K, committed 640K, reserved 1048576K
}
Event: 68.905 GC heap before
{Heap before GC invocations=33 (full 5):
 PSYoungGen      total 210944K, used 210875K [0x00000000eab00000, 0x0000000100000000, 0x0000000100000000)
  eden space 125440K, 100% used [0x00000000eab00000,0x00000000f2580000,0x00000000f2580000)
  from space 85504K, 99% used [0x00000000f2580000,0x00000000f78eeea0,0x00000000f7900000)
  to   space 116224K, 0% used [0x00000000f8e80000,0x00000000f8e80000,0x0000000100000000)
 ParOldGen       total 491008K, used 360426K [0x00000000c0000000, 0x00000000ddf80000, 0x00000000eab00000)
  object space 491008K, 73% used [0x00000000c0000000,0x00000000d5ffabc8,0x00000000ddf80000)
 Metaspace       used 6557K, capacity 7280K, committed 7552K, reserved 1056768K
  class space    used 596K, capacity 616K, committed 640K, reserved 1048576K
Event: 69.260 GC heap after
Heap after GC invocations=33 (full 5):
 PSYoungGen      total 232960K, used 97372K [0x00000000eab00000, 0x0000000100000000, 0x0000000100000000)
  eden space 116736K, 0% used [0x00000000eab00000,0x00000000eab00000,0x00000000f1d00000)
  from space 116224K, 83% used [0x00000000f8e80000,0x00000000fed973b0,0x0000000100000000)
  to   space 116224K, 0% used [0x00000000f1d00000,0x00000000f1d00000,0x00000000f8e80000)
 ParOldGen       total 491008K, used 393514K [0x00000000c0000000, 0x00000000ddf80000, 0x00000000eab00000)
  object space 491008K, 80% used [0x00000000c0000000,0x00000000d804ab70,0x00000000ddf80000)
 Metaspace       used 6557K, capacity 7280K, committed 7552K, reserved 1056768K
  class space    used 596K, capacity 616K, committed 640K, reserved 1048576K
}
Event: 70.814 GC heap before
{Heap before GC invocations=34 (full 5):
 PSYoungGen      total 232960K, used 214108K [0x00000000eab00000, 0x0000000100000000, 0x0000000100000000)
  eden space 116736K, 100% used [0x00000000eab00000,0x00000000f1d00000,0x00000000f1d00000)
  from space 116224K, 83% used [0x00000000f8e80000,0x00000000fed973b0,0x0000000100000000)
  to   space 116224K, 0% used [0x00000000f1d00000,0x00000000f1d00000,0x00000000f8e80000)
 ParOldGen       total 491008K, used 393514K [0x00000000c0000000, 0x00000000ddf80000, 0x00000000eab00000)
  object space 491008K, 80% used [0x00000000c0000000,0x00000000d804ab70,0x00000000ddf80000)
 Metaspace       used 6557K, capacity 7280K, committed 7552K, reserved 1056768K
  class space    used 596K, capacity 616K, committed 640K, reserved 1048576K
Event: 71.269 GC heap after
Heap after GC invocations=34 (full 5):
 PSYoungGen      total 232960K, used 50009K [0x00000000eab00000, 0x0000000100000000, 0x0000000100000000)
  eden space 116736K, 0% used [0x00000000eab00000,0x00000000eab00000,0x00000000f1d00000)
  from space 116224K, 43% used [0x00000000f1d00000,0x00000000f4dd66f0,0x00000000f8e80000)
  to   space 116224K, 0% used [0x00000000f8e80000,0x00000000f8e80000,0x0000000100000000)
 ParOldGen       total 491008K, used 426467K [0x00000000c0000000, 0x00000000ddf80000, 0x00000000eab00000)
  object space 491008K, 86% used [0x00000000c0000000,0x00000000da078fe8,0x00000000ddf80000)
 Metaspace       used 6557K, capacity 7280K, committed 7552K, reserved 1056768K
  class space    used 596K, capacity 616K, committed 640K, reserved 1048576K
}
Event: 84.278 GC heap before
{Heap before GC invocations=35 (full 5):
 PSYoungGen      total 232960K, used 166745K [0x00000000eab00000, 0x0000000100000000, 0x0000000100000000)
  eden space 116736K, 100% used [0x00000000eab00000,0x00000000f1d00000,0x00000000f1d00000)
  from space 116224K, 43% used [0x00000000f1d00000,0x00000000f4dd66f0,0x00000000f8e80000)
  to   space 116224K, 0% used [0x00000000f8e80000,0x00000000f8e80000,0x0000000100000000)
 ParOldGen       total 491008K, used 426467K [0x00000000c0000000, 0x00000000ddf80000, 0x00000000eab00000)
  object space 491008K, 86% used [0x00000000c0000000,0x00000000da078fe8,0x00000000ddf80000)
 Metaspace       used 6557K, capacity 7280K, committed 7552K, reserved 1056768K
  class space    used 596K, capacity 616K, committed 640K, reserved 1048576K
Event: 84.609 GC heap after
Heap after GC invocations=35 (full 5):
 PSYoungGen      total 232960K, used 78334K [0x00000000eab00000, 0x0000000100000000, 0x0000000100000000)
  eden space 116736K, 0% used [0x00000000eab00000,0x00000000eab00000,0x00000000f1d00000)
  from space 116224K, 67% used [0x00000000f8e80000,0x00000000fdaffac0,0x0000000100000000)
  to   space 116224K, 0% used [0x00000000f1d00000,0x00000000f1d00000,0x00000000f8e80000)
 ParOldGen       total 491008K, used 456365K [0x00000000c0000000, 0x00000000ddf80000, 0x00000000eab00000)
  object space 491008K, 92% used [0x00000000c0000000,0x00000000dbdab4f8,0x00000000ddf80000)
 Metaspace       used 6557K, capacity 7280K, committed 7552K, reserved 1056768K
  class space    used 596K, capacity 616K, committed 640K, reserved 1048576K
}
Event: 84.609 GC heap before
{Heap before GC invocations=36 (full 6):
 PSYoungGen      total 232960K, used 78334K [0x00000000eab00000, 0x0000000100000000, 0x0000000100000000)
  eden space 116736K, 0% used [0x00000000eab00000,0x00000000eab00000,0x00000000f1d00000)
  from space 116224K, 67% used [0x00000000f8e80000,0x00000000fdaffac0,0x0000000100000000)
  to   space 116224K, 0% used [0x00000000f1d00000,0x00000000f1d00000,0x00000000f8e80000)
 ParOldGen       total 491008K, used 456365K [0x00000000c0000000, 0x00000000ddf80000, 0x00000000eab00000)
  object space 491008K, 92% used [0x00000000c0000000,0x00000000dbdab4f8,0x00000000ddf80000)
 Metaspace       used 6557K, capacity 7280K, committed 7552K, reserved 1056768K
  class space    used 596K, capacity 616K, committed 640K, reserved 1048576K

Deoptimization events (10 events):
Event: 61.993 Thread 0x00007fb6381d0000 Uncommon trap: reason=class_check action=maybe_recompile pc=0x00007fb629ad2d9c method=com.android.dx.ssa.SsaConverter.placePhiFunctions(Lcom/android/dx/ssa/SsaMethod;Lcom/android/dx/ssa/LocalVariableInfo;I)V @ 266
Event: 63.647 Thread 0x00007fb63800a800 Uncommon trap: reason=class_check action=maybe_recompile pc=0x00007fb629901fd8 method=com.android.dx.ssa.SCCP.simulateBranch(Lcom/android/dx/ssa/SsaInsn;)V @ 339
Event: 63.664 Thread 0x00007fb63800a800 Uncommon trap: reason=class_check action=maybe_recompile pc=0x00007fb629901fd8 method=com.android.dx.ssa.SCCP.simulateBranch(Lcom/android/dx/ssa/SsaInsn;)V @ 339
Event: 69.572 Thread 0x00007fb63800a800 Uncommon trap: reason=unloaded action=reinterpret pc=0x00007fb62945009c method=com.android.dx.ssa.SetFactory.makeLivenessSet(I)Lcom/android/dx/util/IntSet; @ 18
Event: 69.951 Thread 0x00007fb63800a800 Uncommon trap: reason=bimorphic action=maybe_recompile pc=0x00007fb629b264b0 method=com.android.dx.cf.code.BaseMachine.getLocalTarget(Z)Lcom/android/dx/rop/code/RegisterSpec; @ 70
Event: 69.951 Thread 0x00007fb63800a800 Uncommon trap: reason=bimorphic action=maybe_recompile pc=0x00007fb629b5d3a4 method=com.android.dx.cf.code.BaseMachine.getLocalTarget(Z)Lcom/android/dx/rop/code/RegisterSpec; @ 70
Event: 69.954 Thread 0x00007fb63800a800 Uncommon trap: reason=unstable_if action=reinterpret pc=0x00007fb629b26070 method=com.android.dx.cf.code.BaseMachine.getLocalTarget(Z)Lcom/android/dx/rop/code/RegisterSpec; @ 131
Event: 69.972 Thread 0x00007fb63800a800 Uncommon trap: reason=bimorphic action=maybe_recompile pc=0x00007fb629b5d3a4 method=com.android.dx.cf.code.BaseMachine.getLocalTarget(Z)Lcom/android/dx/rop/code/RegisterSpec; @ 70
Event: 69.972 Thread 0x00007fb63800a800 Uncommon trap: reason=bimorphic action=maybe_recompile pc=0x00007fb629b5d3a4 method=com.android.dx.cf.code.BaseMachine.getLocalTarget(Z)Lcom/android/dx/rop/code/RegisterSpec; @ 70
Event: 70.159 Thread 0x00007fb63800a800 Uncommon trap: reason=unstable_if action=reinterpret pc=0x00007fb629b342f0 method=com.android.dx.ssa.SsaMethod.blockIndexToRopLabel(I)I @ 1

Internal exceptions (10 events):
Event: 0.381 Thread 0x00007fb63800a800 Exception <a 'java/lang/NoSuchMethodError': Method sun.misc.Unsafe.defineClass(Ljava/lang/String;[BII)Ljava/lang/Class; name or signature does not match> (0x00000000eab07c68) thrown at [/build/openjdk-8-aCqPQU/openjdk-8-8u72-b05/src/hotspot/src/share/vm/p
Event: 0.392 Thread 0x00007fb63800a800 Exception <a 'java/lang/NoSuchMethodError': Method sun.misc.Unsafe.prefetchRead(Ljava/lang/Object;J)V name or signature does not match> (0x00000000eab07f50) thrown at [/build/openjdk-8-aCqPQU/openjdk-8-8u72-b05/src/hotspot/src/share/vm/prims/jni.cpp, line
Event: 0.820 Thread 0x00007fb63800a800 Exception <a 'java/util/zip/ZipException'> (0x00000000eab56cf8) thrown at [/build/openjdk-8-aCqPQU/openjdk-8-8u72-b05/src/hotspot/src/share/vm/prims/jni.cpp, line 709]
Event: 0.821 Thread 0x00007fb63800a800 Exception <a 'java/security/PrivilegedActionException'> (0x00000000eab56f98) thrown at [/build/openjdk-8-aCqPQU/openjdk-8-8u72-b05/src/hotspot/src/share/vm/prims/jvm.cpp, line 1386]
Event: 0.821 Thread 0x00007fb63800a800 Exception <a 'java/security/PrivilegedActionException'> (0x00000000eab571a8) thrown at [/build/openjdk-8-aCqPQU/openjdk-8-8u72-b05/src/hotspot/src/share/vm/prims/jvm.cpp, line 1386]
Event: 5.778 Thread 0x00007fb6381a6000 Implicit null exception at 0x00007fb629375a78 to 0x00007fb629378079
Event: 9.597 Thread 0x00007fb6381cc000 Exception <a 'java/lang/ArrayIndexOutOfBoundsException': 18> (0x00000000edb8c000) thrown at [/build/openjdk-8-aCqPQU/openjdk-8-8u72-b05/src/hotspot/src/share/vm/interpreter/interpreterRuntime.cpp, line 366]
Event: 9.598 Thread 0x00007fb6381cc000 Exception <a 'java/lang/ArrayIndexOutOfBoundsException': 145> (0x00000000edb8db80) thrown at [/build/openjdk-8-aCqPQU/openjdk-8-8u72-b05/src/hotspot/src/share/vm/interpreter/interpreterRuntime.cpp, line 366]
Event: 9.610 Thread 0x00007fb6381cc000 Exception <a 'java/lang/ArrayIndexOutOfBoundsException'> (0x00000000edb8ee68) thrown at [/build/openjdk-8-aCqPQU/openjdk-8-8u72-b05/src/hotspot/src/share/vm/runtime/sharedRuntime.cpp, line 605]
Event: 23.889 Thread 0x00007fb63800a800 Implicit null exception at 0x00007fb6291586e9 to 0x00007fb629158cdd

Events (10 events):
Event: 79.328 Thread 0x00007fb6380a9800 flushing nmethod 0x00007fb629573790
Event: 79.328 Thread 0x00007fb6380a9800 flushing nmethod 0x00007fb629574c50
Event: 79.328 Thread 0x00007fb6380a9800 flushing nmethod 0x00007fb629575250
Event: 79.328 Thread 0x00007fb6380a9800 flushing nmethod 0x00007fb6295763d0
Event: 79.328 Thread 0x00007fb6380a9800 flushing nmethod 0x00007fb629578090
Event: 79.328 Thread 0x00007fb6380a9800 flushing nmethod 0x00007fb62957b910
Event: 79.334 Thread 0x00007fb6380a9800 flushing nmethod 0x00007fb629589c50
Event: 79.335 Thread 0x00007fb6380a9800 flushing nmethod 0x00007fb6295d2b10
Event: 79.433 Thread 0x00007fb6380a9800 flushing nmethod 0x00007fb629680f10
Event: 84.276 Executing VM operation: ParallelGCFailedAllocation


Dynamic libraries:
00400000-00401000 r-xp 00000000 08:02 14944202                           /usr/lib/jvm/java-8-openjdk-amd64/jre/bin/java
00600000-00601000 r--p 00000000 08:02 14944202                           /usr/lib/jvm/java-8-openjdk-amd64/jre/bin/java
00601000-00602000 rw-p 00001000 08:02 14944202                           /usr/lib/jvm/java-8-openjdk-amd64/jre/bin/java
025a5000-025e7000 rw-p 00000000 00:00 0                                  [heap]
c0000000-ddf80000 rw-p 00000000 00:00 0 
e8700000-eab00000 ---p 00000000 00:00 0 
eab00000-100000000 rw-p 00000000 00:00 0 
100000000-1000a0000 rw-p 00000000 00:00 0 
1000a0000-140000000 ---p 00000000 00:00 0 
7fb5e8000000-7fb5e8030000 rw-p 00000000 00:00 0 
7fb5e8030000-7fb5ec000000 ---p 00000000 00:00 0 
7fb5ec000000-7fb5ec03f000 rw-p 00000000 00:00 0 
7fb5ec03f000-7fb5f0000000 ---p 00000000 00:00 0 
7fb5f0000000-7fb5f0031000 rw-p 00000000 00:00 0 
7fb5f0031000-7fb5f4000000 ---p 00000000 00:00 0 
7fb5f4000000-7fb5f4021000 rw-p 00000000 00:00 0 
7fb5f4021000-7fb5f8000000 ---p 00000000 00:00 0 
7fb5f8000000-7fb5f8021000 rw-p 00000000 00:00 0 
7fb5f8021000-7fb5fc000000 ---p 00000000 00:00 0 
7fb5fc000000-7fb5fc021000 rw-p 00000000 00:00 0 
7fb5fc021000-7fb600000000 ---p 00000000 00:00 0 
7fb600000000-7fb601f01000 rw-p 00000000 00:00 0 
7fb601f01000-7fb604000000 ---p 00000000 00:00 0 
7fb604000000-7fb604a02000 rw-p 00000000 00:00 0 
7fb604a02000-7fb608000000 ---p 00000000 00:00 0 
7fb608000000-7fb608021000 rw-p 00000000 00:00 0 
7fb608021000-7fb60c000000 ---p 00000000 00:00 0 
7fb60c000000-7fb60c021000 rw-p 00000000 00:00 0 
7fb60c021000-7fb610000000 ---p 00000000 00:00 0 
7fb610000000-7fb61002b000 rw-p 00000000 00:00 0 
7fb61002b000-7fb614000000 ---p 00000000 00:00 0 
7fb614000000-7fb614021000 rw-p 00000000 00:00 0 
7fb614021000-7fb618000000 ---p 00000000 00:00 0 
7fb618000000-7fb618021000 rw-p 00000000 00:00 0 
7fb618021000-7fb61c000000 ---p 00000000 00:00 0 
7fb61ee00000-7fb61f000000 rw-p 00000000 00:00 0 
7fb620000000-7fb620021000 rw-p 00000000 00:00 0 
7fb620021000-7fb624000000 ---p 00000000 00:00 0 
7fb62486d000-7fb624870000 ---p 00000000 00:00 0 
7fb624870000-7fb62496e000 rw-p 00000000 00:00 0                          [stack:10703]
7fb62496e000-7fb624971000 ---p 00000000 00:00 0 
7fb624971000-7fb624a6f000 rw-p 00000000 00:00 0                          [stack:10702]
7fb624a6f000-7fb624a72000 ---p 00000000 00:00 0 
7fb624a72000-7fb624b70000 rw-p 00000000 00:00 0                          [stack:10701]
7fb624b70000-7fb624b73000 ---p 00000000 00:00 0 
7fb624b73000-7fb624c71000 rw-p 00000000 00:00 0                          [stack:10700]
7fb624c71000-7fb624c74000 ---p 00000000 00:00 0 
7fb624c74000-7fb624d72000 rw-p 00000000 00:00 0                          [stack:10699]
7fb624d72000-7fb624e40000 r--s 008f8000 08:02 17171562                   /opt/lampp/htdocs/trucode/TruCode2/mobile/build/intermediates/transforms/jarMerging/debug/jars/1/1f/combined.jar
7fb624e40000-7fb624e41000 ---p 00000000 00:00 0 
7fb624e41000-7fb624f41000 rw-p 00000000 00:00 0                          [stack:10693]
7fb624f41000-7fb624f44000 ---p 00000000 00:00 0 
7fb624f44000-7fb625042000 rw-p 00000000 00:00 0                          [stack:10692]
7fb625042000-7fb625045000 ---p 00000000 00:00 0 
7fb625045000-7fb625143000 rw-p 00000000 00:00 0                          [stack:10691]
7fb625143000-7fb625146000 ---p 00000000 00:00 0 
7fb625146000-7fb625244000 rw-p 00000000 00:00 0                          [stack:10690]
7fb625244000-7fb625247000 ---p 00000000 00:00 0 
7fb625247000-7fb625345000 rw-p 00000000 00:00 0                          [stack:10689]
7fb625345000-7fb625a27000 r--p 00000000 08:02 30022233                   /usr/lib/locale/locale-archive
7fb625a27000-7fb625a2a000 ---p 00000000 00:00 0 
7fb625a2a000-7fb625b28000 rw-p 00000000 00:00 0                          [stack:10688]
7fb625b28000-7fb625b2b000 ---p 00000000 00:00 0 
7fb625b2b000-7fb625c29000 rw-p 00000000 00:00 0                          [stack:10687]
7fb625c29000-7fb625c2a000 ---p 00000000 00:00 0 
7fb625c2a000-7fb626633000 rw-p 00000000 00:00 0                          [stack:10686]
7fb626633000-7fb626800000 r--s 03be3000 08:02 14944229                   /usr/lib/jvm/java-8-openjdk-amd64/jre/lib/rt.jar
7fb626800000-7fb626ec0000 rw-p 00000000 00:00 0 
7fb626ec0000-7fb627000000 ---p 00000000 00:00 0 
7fb627000000-7fb629000000 rw-p 00000000 00:00 0 
7fb629000000-7fb629ba0000 rwxp 00000000 00:00 0 
7fb629ba0000-7fb638000000 ---p 00000000 00:00 0 
7fb638000000-7fb638341000 rw-p 00000000 00:00 0 
7fb638341000-7fb63c000000 ---p 00000000 00:00 0 
7fb63c079000-7fb63c088000 r--s 000df000 00:1b 1844983                    /home/caninelizard/Documents/android-sdk-linux/build-tools/23.0.2/lib/dx.jar
7fb63c088000-7fb63c08b000 r--s 0000f000 08:02 14944220                   /usr/lib/jvm/java-8-openjdk-amd64/jre/lib/ext/icedtea-sound.jar
7fb63c08b000-7fb63c0a6000 r--s 001d7000 08:02 14944226                   /usr/lib/jvm/java-8-openjdk-amd64/jre/lib/ext/nashorn.jar
7fb63c0a6000-7fb63c0b0000 r--s 00116000 08:02 14944219                   /usr/lib/jvm/java-8-openjdk-amd64/jre/lib/ext/localedata.jar
7fb63c0b0000-7fb63c0cc000 r--s 00393000 08:02 14944217                   /usr/lib/jvm/java-8-openjdk-amd64/jre/lib/ext/cldrdata.jar
7fb63c0cc000-7fb63c1b0000 rw-p 00000000 00:00 0 
7fb63c1b0000-7fb63c1b1000 ---p 00000000 00:00 0 
7fb63c1b1000-7fb63c2b1000 rw-p 00000000 00:00 0                          [stack:10685]
7fb63c2b1000-7fb63c2b2000 ---p 00000000 00:00 0 
7fb63c2b2000-7fb63c4a2000 rw-p 00000000 00:00 0                          [stack:10684]
7fb63c4a2000-7fb63c508000 ---p 00000000 00:00 0 
7fb63c508000-7fb63c5f8000 rw-p 00000000 00:00 0 
7fb63c5f8000-7fb63c65d000 ---p 00000000 00:00 0 
7fb63c65d000-7fb63c708000 rw-p 00000000 00:00 0 
7fb63c708000-7fb63c738000 rw-p 00000000 00:00 0 
7fb63c738000-7fb63cac9000 ---p 00000000 00:00 0 
7fb63cac9000-7fb63cad1000 r-xp 00000000 08:02 14944240                   /usr/lib/jvm/java-8-openjdk-amd64/jre/lib/amd64/libzip.so
7fb63cad1000-7fb63ccd0000 ---p 00008000 08:02 14944240                   /usr/lib/jvm/java-8-openjdk-amd64/jre/lib/amd64/libzip.so
7fb63ccd0000-7fb63ccd1000 r--p 00007000 08:02 14944240                   /usr/lib/jvm/java-8-openjdk-amd64/jre/lib/amd64/libzip.so
7fb63ccd1000-7fb63ccd2000 rw-p 00008000 08:02 14944240                   /usr/lib/jvm/java-8-openjdk-amd64/jre/lib/amd64/libzip.so
7fb63ccd2000-7fb63ccdd000 r-xp 00000000 08:02 19792527                   /lib/x86_64-linux-gnu/libnss_files-2.19.so
7fb63ccdd000-7fb63cedc000 ---p 0000b000 08:02 19792527                   /lib/x86_64-linux-gnu/libnss_files-2.19.so
7fb63cedc000-7fb63cedd000 r--p 0000a000 08:02 19792527                   /lib/x86_64-linux-gnu/libnss_files-2.19.so
7fb63cedd000-7fb63cede000 rw-p 0000b000 08:02 19792527                   /lib/x86_64-linux-gnu/libnss_files-2.19.so
7fb63cede000-7fb63cee9000 r-xp 00000000 08:02 19792519                   /lib/x86_64-linux-gnu/libnss_nis-2.19.so
7fb63cee9000-7fb63d0e8000 ---p 0000b000 08:02 19792519                   /lib/x86_64-linux-gnu/libnss_nis-2.19.so
7fb63d0e8000-7fb63d0e9000 r--p 0000a000 08:02 19792519                   /lib/x86_64-linux-gnu/libnss_nis-2.19.so
7fb63d0e9000-7fb63d0ea000 rw-p 0000b000 08:02 19792519                   /lib/x86_64-linux-gnu/libnss_nis-2.19.so
7fb63d0ea000-7fb63d101000 r-xp 00000000 08:02 19792513                   /lib/x86_64-linux-gnu/libnsl-2.19.so
7fb63d101000-7fb63d300000 ---p 00017000 08:02 19792513                   /lib/x86_64-linux-gnu/libnsl-2.19.so
7fb63d300000-7fb63d301000 r--p 00016000 08:02 19792513                   /lib/x86_64-linux-gnu/libnsl-2.19.so
7fb63d301000-7fb63d302000 rw-p 00017000 08:02 19792513                   /lib/x86_64-linux-gnu/libnsl-2.19.so
7fb63d302000-7fb63d304000 rw-p 00000000 00:00 0 
7fb63d304000-7fb63d30d000 r-xp 00000000 08:02 19792512                   /lib/x86_64-linux-gnu/libnss_compat-2.19.so
7fb63d30d000-7fb63d50c000 ---p 00009000 08:02 19792512                   /lib/x86_64-linux-gnu/libnss_compat-2.19.so
7fb63d50c000-7fb63d50d000 r--p 00008000 08:02 19792512                   /lib/x86_64-linux-gnu/libnss_compat-2.19.so
7fb63d50d000-7fb63d50e000 rw-p 00009000 08:02 19792512                   /lib/x86_64-linux-gnu/libnss_compat-2.19.so
7fb63d50e000-7fb63d53a000 r-xp 00000000 08:02 14944248                   /usr/lib/jvm/java-8-openjdk-amd64/jre/lib/amd64/libjava.so
7fb63d53a000-7fb63d73a000 ---p 0002c000 08:02 14944248                   /usr/lib/jvm/java-8-openjdk-amd64/jre/lib/amd64/libjava.so
7fb63d73a000-7fb63d73b000 r--p 0002c000 08:02 14944248                   /usr/lib/jvm/java-8-openjdk-amd64/jre/lib/amd64/libjava.so
7fb63d73b000-7fb63d73d000 rw-p 0002d000 08:02 14944248                   /usr/lib/jvm/java-8-openjdk-amd64/jre/lib/amd64/libjava.so
7fb63d73d000-7fb63d74d000 r-xp 00000000 08:02 14944262                   /usr/lib/jvm/java-8-openjdk-amd64/jre/lib/amd64/libverify.so
7fb63d74d000-7fb63d94c000 ---p 00010000 08:02 14944262                   /usr/lib/jvm/java-8-openjdk-amd64/jre/lib/amd64/libverify.so
7fb63d94c000-7fb63d94e000 r--p 0000f000 08:02 14944262                   /usr/lib/jvm/java-8-openjdk-amd64/jre/lib/amd64/libverify.so
7fb63d94e000-7fb63d94f000 rw-p 00011000 08:02 14944262                   /usr/lib/jvm/java-8-openjdk-amd64/jre/lib/amd64/libverify.so
7fb63d94f000-7fb63d956000 r-xp 00000000 08:02 19792523                   /lib/x86_64-linux-gnu/librt-2.19.so
7fb63d956000-7fb63db55000 ---p 00007000 08:02 19792523                   /lib/x86_64-linux-gnu/librt-2.19.so
7fb63db55000-7fb63db56000 r--p 00006000 08:02 19792523                   /lib/x86_64-linux-gnu/librt-2.19.so
7fb63db56000-7fb63db57000 rw-p 00007000 08:02 19792523                   /lib/x86_64-linux-gnu/librt-2.19.so
7fb63db57000-7fb63db6d000 r-xp 00000000 08:02 19792490                   /lib/x86_64-linux-gnu/libgcc_s.so.1
7fb63db6d000-7fb63dd6c000 ---p 00016000 08:02 19792490                   /lib/x86_64-linux-gnu/libgcc_s.so.1
7fb63dd6c000-7fb63dd6d000 r--p 00015000 08:02 19792490                   /lib/x86_64-linux-gnu/libgcc_s.so.1
7fb63dd6d000-7fb63dd6e000 rw-p 00016000 08:02 19792490                   /lib/x86_64-linux-gnu/libgcc_s.so.1
7fb63dd6e000-7fb63de73000 r-xp 00000000 08:02 19792504                   /lib/x86_64-linux-gnu/libm-2.19.so
7fb63de73000-7fb63e072000 ---p 00105000 08:02 19792504                   /lib/x86_64-linux-gnu/libm-2.19.so
7fb63e072000-7fb63e073000 r--p 00104000 08:02 19792504                   /lib/x86_64-linux-gnu/libm-2.19.so
7fb63e073000-7fb63e074000 rw-p 00105000 08:02 19792504                   /lib/x86_64-linux-gnu/libm-2.19.so
7fb63e074000-7fb63e175000 r-xp 00000000 08:02 30017203                   /usr/lib/x86_64-linux-gnu/libstdc++.so.6.0.21
7fb63e175000-7fb63e375000 ---p 00101000 08:02 30017203                   /usr/lib/x86_64-linux-gnu/libstdc++.so.6.0.21
7fb63e375000-7fb63e37c000 r--p 00101000 08:02 30017203                   /usr/lib/x86_64-linux-gnu/libstdc++.so.6.0.21
7fb63e37c000-7fb63e37e000 rw-p 00108000 08:02 30017203                   /usr/lib/x86_64-linux-gnu/libstdc++.so.6.0.21
7fb63e37e000-7fb63e381000 rw-p 00000000 00:00 0 
7fb63e381000-7fb63ef6d000 r-xp 00000000 08:02 14944256                   /usr/lib/jvm/java-8-openjdk-amd64/jre/lib/amd64/server/libjvm.so
7fb63ef6d000-7fb63f16d000 ---p 00bec000 08:02 14944256                   /usr/lib/jvm/java-8-openjdk-amd64/jre/lib/amd64/server/libjvm.so
7fb63f16d000-7fb63f20b000 r--p 00bec000 08:02 14944256                   /usr/lib/jvm/java-8-openjdk-amd64/jre/lib/amd64/server/libjvm.so
7fb63f20b000-7fb63f234000 rw-p 00c8a000 08:02 14944256                   /usr/lib/jvm/java-8-openjdk-amd64/jre/lib/amd64/server/libjvm.so
7fb63f234000-7fb63f264000 rw-p 00000000 00:00 0 
7fb63f264000-7fb63f27d000 r-xp 00000000 08:02 19792514                   /lib/x86_64-linux-gnu/libpthread-2.19.so
7fb63f27d000-7fb63f47c000 ---p 00019000 08:02 19792514                   /lib/x86_64-linux-gnu/libpthread-2.19.so
7fb63f47c000-7fb63f47d000 r--p 00018000 08:02 19792514                   /lib/x86_64-linux-gnu/libpthread-2.19.so
7fb63f47d000-7fb63f47e000 rw-p 00019000 08:02 19792514                   /lib/x86_64-linux-gnu/libpthread-2.19.so
7fb63f47e000-7fb63f482000 rw-p 00000000 00:00 0 
7fb63f482000-7fb63f485000 r-xp 00000000 08:02 19792508                   /lib/x86_64-linux-gnu/libdl-2.19.so
7fb63f485000-7fb63f684000 ---p 00003000 08:02 19792508                   /lib/x86_64-linux-gnu/libdl-2.19.so
7fb63f684000-7fb63f685000 r--p 00002000 08:02 19792508                   /lib/x86_64-linux-gnu/libdl-2.19.so
7fb63f685000-7fb63f686000 rw-p 00003000 08:02 19792508                   /lib/x86_64-linux-gnu/libdl-2.19.so
7fb63f686000-7fb63f69e000 r-xp 00000000 08:02 19796056                   /lib/x86_64-linux-gnu/libz.so.1.2.8
7fb63f69e000-7fb63f89d000 ---p 00018000 08:02 19796056                   /lib/x86_64-linux-gnu/libz.so.1.2.8
7fb63f89d000-7fb63f89e000 r--p 00017000 08:02 19796056                   /lib/x86_64-linux-gnu/libz.so.1.2.8
7fb63f89e000-7fb63f89f000 rw-p 00018000 08:02 19796056                   /lib/x86_64-linux-gnu/libz.so.1.2.8
7fb63f89f000-7fb63fa5a000 r-xp 00000000 08:02 19792524                   /lib/x86_64-linux-gnu/libc-2.19.so
7fb63fa5a000-7fb63fc59000 ---p 001bb000 08:02 19792524                   /lib/x86_64-linux-gnu/libc-2.19.so
7fb63fc59000-7fb63fc5d000 r--p 001ba000 08:02 19792524                   /lib/x86_64-linux-gnu/libc-2.19.so
7fb63fc5d000-7fb63fc5f000 rw-p 001be000 08:02 19792524                   /lib/x86_64-linux-gnu/libc-2.19.so
7fb63fc5f000-7fb63fc64000 rw-p 00000000 00:00 0 
7fb63fc64000-7fb63fc71000 r-xp 00000000 08:02 14944264                   /usr/lib/jvm/java-8-openjdk-amd64/jre/lib/amd64/jli/libjli.so
7fb63fc71000-7fb63fe71000 ---p 0000d000 08:02 14944264                   /usr/lib/jvm/java-8-openjdk-amd64/jre/lib/amd64/jli/libjli.so
7fb63fe71000-7fb63fe72000 r--p 0000d000 08:02 14944264                   /usr/lib/jvm/java-8-openjdk-amd64/jre/lib/amd64/jli/libjli.so
7fb63fe72000-7fb63fe73000 rw-p 0000e000 08:02 14944264                   /usr/lib/jvm/java-8-openjdk-amd64/jre/lib/amd64/jli/libjli.so
7fb63fe73000-7fb63fe96000 r-xp 00000000 08:02 19792517                   /lib/x86_64-linux-gnu/ld-2.19.so
7fb63fe98000-7fb63ff5d000 rw-p 00000000 00:00 0 
7fb63ff5d000-7fb63ff60000 ---p 00000000 00:00 0 
7fb63ff60000-7fb640064000 rw-p 00000000 00:00 0                          [stack:10683]
7fb640064000-7fb640066000 r--s 00006000 08:02 268465                     /usr/share/java/java-atk-wrapper.jar
7fb640066000-7fb64006a000 r--s 00037000 08:02 14944223                   /usr/lib/jvm/java-8-openjdk-amd64/jre/lib/ext/sunpkcs11.jar
7fb64006a000-7fb64006c000 r--s 00001000 08:02 14944224                   /usr/lib/jvm/java-8-openjdk-amd64/jre/lib/ext/dnsns.jar
7fb64006c000-7fb640072000 r--s 0003a000 08:02 14944222                   /usr/lib/jvm/java-8-openjdk-amd64/jre/lib/ext/sunjce_provider.jar
7fb640072000-7fb640073000 r--s 00008000 08:02 14944225                   /usr/lib/jvm/java-8-openjdk-amd64/jre/lib/ext/sunec.jar
7fb640073000-7fb640074000 r--s 0000a000 08:02 14944221                   /usr/lib/jvm/java-8-openjdk-amd64/jre/lib/ext/jaccess.jar
7fb640074000-7fb640075000 r--s 00010000 08:02 14944218                   /usr/lib/jvm/java-8-openjdk-amd64/jre/lib/ext/zipfs.jar
7fb640075000-7fb640089000 rw-p 00000000 00:00 0 
7fb640089000-7fb640091000 rw-s 00000000 08:02 26607644                   /tmp/hsperfdata_caninelizard/10677
7fb640091000-7fb640092000 rw-p 00000000 00:00 0 
7fb640092000-7fb640093000 ---p 00000000 00:00 0 
7fb640093000-7fb640095000 rw-p 00000000 00:00 0 
7fb640095000-7fb640096000 r--p 00022000 08:02 19792517                   /lib/x86_64-linux-gnu/ld-2.19.so
7fb640096000-7fb640097000 rw-p 00023000 08:02 19792517                   /lib/x86_64-linux-gnu/ld-2.19.so
7fb640097000-7fb640098000 rw-p 00000000 00:00 0 
7ffff6adf000-7ffff6b00000 rw-p 00000000 00:00 0                          [stack]
7ffff6b99000-7ffff6b9b000 r-xp 00000000 00:00 0                          [vdso]
7ffff6b9b000-7ffff6b9d000 r--p 00000000 00:00 0                          [vvar]
ffffffffff600000-ffffffffff601000 r-xp 00000000 00:00 0                  [vsyscall]

VM Arguments:
jvm_args: -Djava.awt.headless=true -Xmx1024M -Dfile.encoding=UTF-8 -Duser.country=US -Duser.language=en -Duser.variant 
java_command: com.android.dx.command.Main --dex --num-threads=4 --multi-dex --main-dex-list /opt/lampp/htdocs/trucode/TruCode2/mobile/build/intermediates/multi-dex/debug/maindexlist.txt --output /opt/lampp/htdocs/trucode/TruCode2/mobile/build/intermediates/transforms/dex/debug/folders/1000/1f/main /opt/lampp/htdocs/trucode/TruCode2/mobile/build/intermediates/transforms/jarMerging/debug/jars/1/1f/combined.jar
java_class_path (initial): /home/caninelizard/Documents/android-sdk-linux/build-tools/23.0.2/lib/dx.jar
Launcher Type: SUN_STANDARD

Environment Variables:
PATH=/usr/local/sbin:/usr/local/bin:/usr/sbin:/usr/bin:/sbin:/bin:/usr/games:/usr/local/games
LD_LIBRARY_PATH=/home/caninelizard/Downloads/android-studio/bin:
SHELL=/bin/bash
DISPLAY=:0.0

Signal Handlers:
SIGSEGV: [libjvm.so+0x9f42a0], sa_mask[0]=11111111011111111101111111111110, sa_flags=SA_RESTART|SA_SIGINFO
SIGBUS: [libjvm.so+0x9f42a0], sa_mask[0]=11111111011111111101111111111110, sa_flags=SA_RESTART|SA_SIGINFO
SIGFPE: [libjvm.so+0x8558d0], sa_mask[0]=11111111011111111101111111111110, sa_flags=SA_RESTART|SA_SIGINFO
SIGPIPE: [libjvm.so+0x8558d0], sa_mask[0]=11111111011111111101111111111110, sa_flags=SA_RESTART|SA_SIGINFO
SIGXFSZ: [libjvm.so+0x8558d0], sa_mask[0]=11111111011111111101111111111110, sa_flags=SA_RESTART|SA_SIGINFO
SIGILL: [libjvm.so+0x8558d0], sa_mask[0]=11111111011111111101111111111110, sa_flags=SA_RESTART|SA_SIGINFO
SIGUSR1: SIG_DFL, sa_mask[0]=00000000000000000000000000000000, sa_flags=none
SIGUSR2: [libjvm.so+0x8557a0], sa_mask[0]=00100000000000000000000000000000, sa_flags=SA_RESTART|SA_SIGINFO
SIGHUP: [libjvm.so+0x855990], sa_mask[0]=11111111011111111101111111111110, sa_flags=SA_RESTART|SA_SIGINFO
SIGINT: [libjvm.so+0x855990], sa_mask[0]=11111111011111111101111111111110, sa_flags=SA_RESTART|SA_SIGINFO
SIGTERM: [libjvm.so+0x855990], sa_mask[0]=11111111011111111101111111111110, sa_flags=SA_RESTART|SA_SIGINFO
SIGQUIT: [libjvm.so+0x855990], sa_mask[0]=11111111011111111101111111111110, sa_flags=SA_RESTART|SA_SIGINFO


---------------  S Y S T E M  ---------------

OS:DISTRIB_ID=Ubuntu
DISTRIB_RELEASE=14.04
DISTRIB_CODENAME=trusty
DISTRIB_DESCRIPTION="Ubuntu 14.04.2 LTS"

uname:Linux 3.16.0-41-generic #57~14.04.1-Ubuntu SMP Thu Jun 18 18:01:13 UTC 2015 x86_64
libc:glibc 2.19 NPTL 2.19 
rlimit: STACK 8192k, CORE 0k, NPROC 14278, NOFILE 4096, AS infinity
load average:4.23 1.70 1.08

/proc/meminfo:
MemTotal:        3916236 kB
MemFree:          104672 kB
MemAvailable:      65912 kB
Buffers:            2916 kB
Cached:           191504 kB
SwapCached:            0 kB
Active:          3448564 kB
Inactive:         165444 kB
Active(anon):    3425916 kB
Inactive(anon):   139576 kB
Active(file):      22648 kB
Inactive(file):    25868 kB
Unevictable:         172 kB
Mlocked:             172 kB
SwapTotal:             0 kB
SwapFree:              0 kB
Dirty:               228 kB
Writeback:             0 kB
AnonPages:       3419912 kB
Mapped:            63188 kB
Shmem:            145756 kB
Slab:              84820 kB
SReclaimable:      42884 kB
SUnreclaim:        41936 kB
KernelStack:       10624 kB
PageTables:        50584 kB
NFS_Unstable:          0 kB
Bounce:                0 kB
WritebackTmp:          0 kB
CommitLimit:     1958116 kB
Committed_AS:    7527764 kB
VmallocTotal:   34359738367 kB
VmallocUsed:      546528 kB
VmallocChunk:   34359183868 kB
HardwareCorrupted:     0 kB
AnonHugePages:   1230848 kB
HugePages_Total:       0
HugePages_Free:        0
HugePages_Rsvd:        0
HugePages_Surp:        0
Hugepagesize:       2048 kB
DirectMap4k:       66952 kB
DirectMap2M:     3995648 kB


CPU:total 2 (2 cores per cpu, 1 threads per core) family 6 model 55 stepping 3, cmov, cx8, fxsr, mmx, sse, sse2, sse3, ssse3, sse4.1, sse4.2, popcnt, clmul, erms, 3dnowpref, tsc, tscinvbit

/proc/cpuinfo:
processor	: 0
vendor_id	: GenuineIntel
cpu family	: 6
model		: 55
model name	: Intel(R) Celeron(R) CPU  N2815  @ 1.86GHz
stepping	: 3
microcode	: 0x31e
cpu MHz		: 533.179
cache size	: 1024 KB
physical id	: 0
siblings	: 2
core id		: 0
cpu cores	: 2
apicid		: 0
initial apicid	: 0
fpu		: yes
fpu_exception	: yes
cpuid level	: 11
wp		: yes
flags		: fpu vme de pse tsc msr pae mce cx8 apic sep mtrr pge mca cmov pat pse36 clflush dts acpi mmx fxsr sse sse2 ss ht tm pbe syscall nx rdtscp lm constant_tsc arch_perfmon pebs bts rep_good nopl xtopology nonstop_tsc aperfmperf pni pclmulqdq dtes64 monitor ds_cpl vmx est tm2 ssse3 cx16 xtpr pdcm sse4_1 sse4_2 movbe popcnt tsc_deadline_timer rdrand lahf_lm 3dnowprefetch ida arat epb dtherm tpr_shadow vnmi flexpriority ept vpid tsc_adjust smep erms
bogomips	: 3729.60
clflush size	: 64
cache_alignment	: 64
address sizes	: 36 bits physical, 48 bits virtual
power management:

processor	: 1
vendor_id	: GenuineIntel
cpu family	: 6
model		: 55
model name	: Intel(R) Celeron(R) CPU  N2815  @ 1.86GHz
stepping	: 3
microcode	: 0x31e
cpu MHz		: 533.252
cache size	: 1024 KB
physical id	: 0
siblings	: 2
core id		: 1
cpu cores	: 2
apicid		: 2
initial apicid	: 2
fpu		: yes
fpu_exception	: yes
cpuid level	: 11
wp		: yes
flags		: fpu vme de pse tsc msr pae mce cx8 apic sep mtrr pge mca cmov pat pse36 clflush dts acpi mmx fxsr sse sse2 ss ht tm pbe syscall nx rdtscp lm constant_tsc arch_perfmon pebs bts rep_good nopl xtopology nonstop_tsc aperfmperf pni pclmulqdq dtes64 monitor ds_cpl vmx est tm2 ssse3 cx16 xtpr pdcm sse4_1 sse4_2 movbe popcnt tsc_deadline_timer rdrand lahf_lm 3dnowprefetch ida arat epb dtherm tpr_shadow vnmi flexpriority ept vpid tsc_adjust smep erms
bogomips	: 3729.60
clflush size	: 64
cache_alignment	: 64
address sizes	: 36 bits physical, 48 bits virtual
power management:



Memory: 4k page, physical 3916236k(104672k free), swap 0k(0k free)

vm_info: OpenJDK 64-Bit Server VM (25.72-b05) for linux-amd64 JRE (1.8.0_72-internal-b05), built on Dec 16 2015 06:15:44 by "buildd" with gcc 4.8.2

time: Sat Apr 23 18:21:25 2016
elapsed time: 91 seconds (0d 0h 1m 31s)

